mktextfm stix
mktextfm stix
mktextfm stix
mktextfm stix/BI
mktextfm stix
mktextfm stix/B
mktextfm stix
mktextfm stix/I
mktextfm stix
mktextfm stix
mktextfm stix
mktextfm Annabelle
mktextfm Annabelle
mktextfm Annabelle
mktextfm Annabelle/BI
mktextfm Annabelle
mktextfm Annabelle/B
mktextfm Annabelle
mktextfm Annabelle/I
mktextfm Annabelle
mktextfm Annabelle
mktextfm stix
mktextfm stix
mktextfm stix
mktextfm stix/BI
mktextfm stix
mktextfm stix/B
mktextfm stix
mktextfm stix/I
mktextfm stix
mktextfm stix
mktextfm stix
mktextfm Annabelle
mktextfm Annabelle
mktextfm Annabelle
mktextfm Annabelle/BI
mktextfm Annabelle
mktextfm Annabelle/B
mktextfm Annabelle
mktextfm Annabelle/I
mktextfm Annabelle
mktextfm Annabelle
mktextfm Annabelle
mktextfm Annabelle
mktextfm Annabelle
mktextfm Annabelle/BI
mktextfm Annabelle
mktextfm Annabelle/B
mktextfm Annabelle
mktextfm Annabelle/I
mktextfm Annabelle
mktextfm Annabelle
mktextfm Annabelle
mktextfm Annabelle
mktextfm Annabelle
mktextfm Annabelle/BI
mktextfm Annabelle
mktextfm Annabelle/B
mktextfm Annabelle
mktextfm Annabelle/I
mktextfm Annabelle
mktextfm Annabelle
mktextfm Annabelle
mktextfm Annabelle
mktextfm Annabelle
mktextfm Annabelle/BI
mktextfm Annabelle
mktextfm Annabelle/B
mktextfm Annabelle
mktextfm Annabelle/I
mktextfm Annabelle
mktextfm Annabelle
mktextfm Annabelle
mktextfm Annabelle
mktextfm Annabelle
mktextfm Annabelle/BI
mktextfm Annabelle
mktextfm Annabelle/B
mktextfm Annabelle
mktextfm Annabelle/I
mktextfm Annabelle
mktextfm Annabelle
mktextfm Annabelle
mktextfm Annabelle
mktextfm Annabelle
mktextfm Annabelle/BI
mktextfm Annabelle
mktextfm Annabelle/B
mktextfm Annabelle
mktextfm Annabelle/I
mktextfm Annabelle
mktextfm Annabelle
mktextfm Annabelle
mktextfm Annabelle
mktextfm Annabelle
mktextfm Annabelle/BI
mktextfm Annabelle
mktextfm Annabelle/B
mktextfm Annabelle
mktextfm Annabelle/I
mktextfm Annabelle
mktextfm Annabelle
mktextfm Annabelle
mktextfm Annabelle
mktextfm Annabelle
mktextfm Annabelle/BI
mktextfm Annabelle
mktextfm Annabelle/B
mktextfm Annabelle
mktextfm Annabelle/I
mktextfm Annabelle
mktextfm Annabelle
mktextfm Annabelle
mktextfm Annabelle
