This is pdfTeX, Version 3.14159265-2.6-1.40.21 (TeX Live 2020/W32TeX) (preloaded format=pdflatex 2020.12.6)  7 DEC 2020 21:39
entering extended mode
 \write18 enabled.
 %&-line parsing enabled.
**ProblemBook.cls
(./ProblemBook.cls
LaTeX2e <2020-10-01> patch level 2
L3 programming layer <2020-12-03> xparse <2020-03-03>

LaTeX Warning: You have requested package `',
               but the package provides `ProblemBook'.

Package: ProblemBook 2018/01/21
(d:/Programs/LaTeX/TeXLive/2020/texmf-dist/tex/latex/extsizes/extbook.cls
Document Class: extbook 1999/01/07 v1.4a NON-Standard LaTeX document class
(d:/Programs/LaTeX/TeXLive/2020/texmf-dist/tex/latex/extsizes/size14.clo
File: size14.clo 1999/11/11 v1.4a NON-Standard LaTeX file (size option)
)
(d:/Programs/LaTeX/TeXLive/2020/texmf-dist/tex/latex/base/exscale.sty
Package: exscale 2018/09/24 v2.1i Standard LaTeX package exscale
LaTeX Font Info:    Redeclaring symbol font `largesymbols' on input line 57.
LaTeX Font Info:    Overwriting symbol font `largesymbols' in version `normal'
(Font)                  OMX/cmex/m/n --> OMX/cmex/m/n on input line 57.
LaTeX Font Info:    Overwriting symbol font `largesymbols' in version `bold'
(Font)                  OMX/cmex/m/n --> OMX/cmex/m/n on input line 57.
\big@size=\dimen138
)
\c@part=\count177
\c@chapter=\count178
\c@section=\count179
\c@subsection=\count180
\c@subsubsection=\count181
\c@paragraph=\count182
\c@subparagraph=\count183
\c@figure=\count184
\c@table=\count185
\abovecaptionskip=\skip47
\belowcaptionskip=\skip48
\bibindent=\dimen139
)
(d:/Programs/LaTeX/TeXLive/2020/texmf-dist/tex/latex/xcolor/xcolor.sty
Package: xcolor 2016/05/11 v2.12 LaTeX color extensions (UK)

(d:/Programs/LaTeX/TeXLive/2020/texmf-dist/tex/latex/graphics-cfg/color.cfg
File: color.cfg 2016/01/02 v1.6 sample color configuration
)
Package xcolor Info: Package option `usenames' ignored on input line 216.
Package xcolor Info: Driver file: pdftex.def on input line 225.

(d:/Programs/LaTeX/TeXLive/2020/texmf-dist/tex/latex/graphics-def/pdftex.def
File: pdftex.def 2020/10/05 v1.2a Graphics/color driver for pdftex
)
(d:/Programs/LaTeX/TeXLive/2020/texmf-dist/tex/latex/colortbl/colortbl.sty
Package: colortbl 2020/01/04 v1.0e Color table columns (DPC)

(d:/Programs/LaTeX/TeXLive/2020/texmf-dist/tex/latex/tools/array.sty
Package: array 2020/10/01 v2.5c Tabular extension package (FMi)
\col@sep=\dimen140
\ar@mcellbox=\box47
\extrarowheight=\dimen141
\NC@list=\toks15
\extratabsurround=\skip49
\backup@length=\skip50
\ar@cellbox=\box48
)
\everycr=\toks16
\minrowclearance=\skip51
)
\rownum=\count186
Package xcolor Info: Model `cmy' substituted by `cmy0' on input line 1348.
Package xcolor Info: Model `hsb' substituted by `rgb' on input line 1352.
Package xcolor Info: Model `RGB' extended on input line 1364.
Package xcolor Info: Model `HTML' substituted by `rgb' on input line 1366.
Package xcolor Info: Model `Hsb' substituted by `hsb' on input line 1367.
Package xcolor Info: Model `tHsb' substituted by `hsb' on input line 1368.
Package xcolor Info: Model `HSB' substituted by `hsb' on input line 1369.
Package xcolor Info: Model `Gray' substituted by `gray' on input line 1370.
Package xcolor Info: Model `wave' substituted by `hsb' on input line 1371.

(d:/Programs/LaTeX/TeXLive/2020/texmf-dist/tex/latex/graphics/dvipsnam.def
File: dvipsnam.def 2016/06/17 v3.0m Driver-dependent file (DPC,SPQR)
)
(d:/Programs/LaTeX/TeXLive/2020/texmf-dist/tex/latex/xcolor/svgnam.def
File: svgnam.def 2016/05/11 v2.12 Predefined colors according to SVG 1.1 (UK)
))
\topspace=\skip52

(d:/Programs/LaTeX/TeXLive/2020/texmf-dist/tex/latex/geometry/geometry.sty
Package: geometry 2020/01/02 v5.9 Page Geometry

(d:/Programs/LaTeX/TeXLive/2020/texmf-dist/tex/latex/graphics/keyval.sty
Package: keyval 2014/10/28 v1.15 key=value parser (DPC)
\KV@toks@=\toks17
)
(d:/Programs/LaTeX/TeXLive/2020/texmf-dist/tex/generic/iftex/ifvtex.sty
Package: ifvtex 2019/10/25 v1.7 ifvtex legacy package. Use iftex instead.

(d:/Programs/LaTeX/TeXLive/2020/texmf-dist/tex/generic/iftex/iftex.sty
Package: iftex 2020/03/06 v1.0d TeX engine tests
))
\Gm@cnth=\count187
\Gm@cntv=\count188
\c@Gm@tempcnt=\count189
\Gm@bindingoffset=\dimen142
\Gm@wd@mp=\dimen143
\Gm@odd@mp=\dimen144
\Gm@even@mp=\dimen145
\Gm@layoutwidth=\dimen146
\Gm@layoutheight=\dimen147
\Gm@layouthoffset=\dimen148
\Gm@layoutvoffset=\dimen149
\Gm@dimlist=\toks18
)
(d:/Programs/LaTeX/TeXLive/2020/texmf-dist/tex/generic/iftex/ifluatex.sty
Package: ifluatex 2019/10/25 v1.5 ifluatex legacy package. Use iftex instead.
)
(d:/Programs/LaTeX/TeXLive/2020/texmf-dist/tex/generic/iftex/ifxetex.sty
Package: ifxetex 2019/10/25 v0.7 ifxetex legacy package. Use iftex instead.
)
(d:/Programs/LaTeX/TeXLive/2020/texmf-dist/tex/latex/base/fontenc.sty
Package: fontenc 2020/08/10 v2.0s Standard LaTeX package

(d:/Programs/LaTeX/TeXLive/2020/texmf-dist/tex/latex/cyrillic/t2aenc.def
File: t2aenc.def 2005/09/27 v1.0i Cyrillic encoding definition file
Now handling font encoding T2A ...
... processing UTF-8 mapping file for font encoding T2A

(d:/Programs/LaTeX/TeXLive/2020/texmf-dist/tex/latex/base/t2aenc.dfu
File: t2aenc.dfu 2019/11/14 v1.2k UTF-8 support for inputenc
   defining Unicode char U+00A4 (decimal 164)
   defining Unicode char U+00A7 (decimal 167)
   defining Unicode char U+00AB (decimal 171)
   defining Unicode char U+00BB (decimal 187)
   defining Unicode char U+0131 (decimal 305)
   defining Unicode char U+0237 (decimal 567)
   defining Unicode char U+0400 (decimal 1024)
   defining Unicode char U+0401 (decimal 1025)
   defining Unicode char U+0402 (decimal 1026)
   defining Unicode char U+0403 (decimal 1027)
   defining Unicode char U+0404 (decimal 1028)
   defining Unicode char U+0405 (decimal 1029)
   defining Unicode char U+0406 (decimal 1030)
   defining Unicode char U+0407 (decimal 1031)
   defining Unicode char U+0408 (decimal 1032)
   defining Unicode char U+0409 (decimal 1033)
   defining Unicode char U+040A (decimal 1034)
   defining Unicode char U+040B (decimal 1035)
   defining Unicode char U+040C (decimal 1036)
   defining Unicode char U+040D (decimal 1037)
   defining Unicode char U+040E (decimal 1038)
   defining Unicode char U+040F (decimal 1039)
   defining Unicode char U+0410 (decimal 1040)
   defining Unicode char U+0411 (decimal 1041)
   defining Unicode char U+0412 (decimal 1042)
   defining Unicode char U+0413 (decimal 1043)
   defining Unicode char U+0414 (decimal 1044)
   defining Unicode char U+0415 (decimal 1045)
   defining Unicode char U+0416 (decimal 1046)
   defining Unicode char U+0417 (decimal 1047)
   defining Unicode char U+0418 (decimal 1048)
   defining Unicode char U+0419 (decimal 1049)
   defining Unicode char U+041A (decimal 1050)
   defining Unicode char U+041B (decimal 1051)
   defining Unicode char U+041C (decimal 1052)
   defining Unicode char U+041D (decimal 1053)
   defining Unicode char U+041E (decimal 1054)
   defining Unicode char U+041F (decimal 1055)
   defining Unicode char U+0420 (decimal 1056)
   defining Unicode char U+0421 (decimal 1057)
   defining Unicode char U+0422 (decimal 1058)
   defining Unicode char U+0423 (decimal 1059)
   defining Unicode char U+0424 (decimal 1060)
   defining Unicode char U+0425 (decimal 1061)
   defining Unicode char U+0426 (decimal 1062)
   defining Unicode char U+0427 (decimal 1063)
   defining Unicode char U+0428 (decimal 1064)
   defining Unicode char U+0429 (decimal 1065)
   defining Unicode char U+042A (decimal 1066)
   defining Unicode char U+042B (decimal 1067)
   defining Unicode char U+042C (decimal 1068)
   defining Unicode char U+042D (decimal 1069)
   defining Unicode char U+042E (decimal 1070)
   defining Unicode char U+042F (decimal 1071)
   defining Unicode char U+0430 (decimal 1072)
   defining Unicode char U+0431 (decimal 1073)
   defining Unicode char U+0432 (decimal 1074)
   defining Unicode char U+0433 (decimal 1075)
   defining Unicode char U+0434 (decimal 1076)
   defining Unicode char U+0435 (decimal 1077)
   defining Unicode char U+0436 (decimal 1078)
   defining Unicode char U+0437 (decimal 1079)
   defining Unicode char U+0438 (decimal 1080)
   defining Unicode char U+0439 (decimal 1081)
   defining Unicode char U+043A (decimal 1082)
   defining Unicode char U+043B (decimal 1083)
   defining Unicode char U+043C (decimal 1084)
   defining Unicode char U+043D (decimal 1085)
   defining Unicode char U+043E (decimal 1086)
   defining Unicode char U+043F (decimal 1087)
   defining Unicode char U+0440 (decimal 1088)
   defining Unicode char U+0441 (decimal 1089)
   defining Unicode char U+0442 (decimal 1090)
   defining Unicode char U+0443 (decimal 1091)
   defining Unicode char U+0444 (decimal 1092)
   defining Unicode char U+0445 (decimal 1093)
   defining Unicode char U+0446 (decimal 1094)
   defining Unicode char U+0447 (decimal 1095)
   defining Unicode char U+0448 (decimal 1096)
   defining Unicode char U+0449 (decimal 1097)
   defining Unicode char U+044A (decimal 1098)
   defining Unicode char U+044B (decimal 1099)
   defining Unicode char U+044C (decimal 1100)
   defining Unicode char U+044D (decimal 1101)
   defining Unicode char U+044E (decimal 1102)
   defining Unicode char U+044F (decimal 1103)
   defining Unicode char U+0450 (decimal 1104)
   defining Unicode char U+0451 (decimal 1105)
   defining Unicode char U+0452 (decimal 1106)
   defining Unicode char U+0453 (decimal 1107)
   defining Unicode char U+0454 (decimal 1108)
   defining Unicode char U+0455 (decimal 1109)
   defining Unicode char U+0456 (decimal 1110)
   defining Unicode char U+0457 (decimal 1111)
   defining Unicode char U+0458 (decimal 1112)
   defining Unicode char U+0459 (decimal 1113)
   defining Unicode char U+045A (decimal 1114)
   defining Unicode char U+045B (decimal 1115)
   defining Unicode char U+045C (decimal 1116)
   defining Unicode char U+045D (decimal 1117)
   defining Unicode char U+045E (decimal 1118)
   defining Unicode char U+045F (decimal 1119)
   defining Unicode char U+0490 (decimal 1168)
   defining Unicode char U+0491 (decimal 1169)
   defining Unicode char U+0492 (decimal 1170)
   defining Unicode char U+0493 (decimal 1171)
   defining Unicode char U+0496 (decimal 1174)
   defining Unicode char U+0497 (decimal 1175)
   defining Unicode char U+0498 (decimal 1176)
   defining Unicode char U+0499 (decimal 1177)
   defining Unicode char U+049A (decimal 1178)
   defining Unicode char U+049B (decimal 1179)
   defining Unicode char U+049C (decimal 1180)
   defining Unicode char U+049D (decimal 1181)
   defining Unicode char U+04A0 (decimal 1184)
   defining Unicode char U+04A1 (decimal 1185)
   defining Unicode char U+04A2 (decimal 1186)
   defining Unicode char U+04A3 (decimal 1187)
   defining Unicode char U+04A4 (decimal 1188)
   defining Unicode char U+04A5 (decimal 1189)
   defining Unicode char U+04AA (decimal 1194)
   defining Unicode char U+04AB (decimal 1195)
   defining Unicode char U+04AE (decimal 1198)
   defining Unicode char U+04AF (decimal 1199)
   defining Unicode char U+04B0 (decimal 1200)
   defining Unicode char U+04B1 (decimal 1201)
   defining Unicode char U+04B2 (decimal 1202)
   defining Unicode char U+04B3 (decimal 1203)
   defining Unicode char U+04B6 (decimal 1206)
   defining Unicode char U+04B7 (decimal 1207)
   defining Unicode char U+04B8 (decimal 1208)
   defining Unicode char U+04B9 (decimal 1209)
   defining Unicode char U+04BA (decimal 1210)
   defining Unicode char U+04BB (decimal 1211)
   defining Unicode char U+04C0 (decimal 1216)
   defining Unicode char U+04C1 (decimal 1217)
   defining Unicode char U+04C2 (decimal 1218)
   defining Unicode char U+04D0 (decimal 1232)
   defining Unicode char U+04D1 (decimal 1233)
   defining Unicode char U+04D2 (decimal 1234)
   defining Unicode char U+04D3 (decimal 1235)
   defining Unicode char U+04D4 (decimal 1236)
   defining Unicode char U+04D5 (decimal 1237)
   defining Unicode char U+04D6 (decimal 1238)
   defining Unicode char U+04D7 (decimal 1239)
   defining Unicode char U+04D8 (decimal 1240)
   defining Unicode char U+04D9 (decimal 1241)
   defining Unicode char U+04DA (decimal 1242)
   defining Unicode char U+04DB (decimal 1243)
   defining Unicode char U+04DC (decimal 1244)
   defining Unicode char U+04DD (decimal 1245)
   defining Unicode char U+04DE (decimal 1246)
   defining Unicode char U+04DF (decimal 1247)
   defining Unicode char U+04E2 (decimal 1250)
   defining Unicode char U+04E3 (decimal 1251)
   defining Unicode char U+04E4 (decimal 1252)
   defining Unicode char U+04E5 (decimal 1253)
   defining Unicode char U+04E6 (decimal 1254)
   defining Unicode char U+04E7 (decimal 1255)
   defining Unicode char U+04E8 (decimal 1256)
   defining Unicode char U+04E9 (decimal 1257)
   defining Unicode char U+04EC (decimal 1260)
   defining Unicode char U+04ED (decimal 1261)
   defining Unicode char U+04EE (decimal 1262)
   defining Unicode char U+04EF (decimal 1263)
   defining Unicode char U+04F0 (decimal 1264)
   defining Unicode char U+04F1 (decimal 1265)
   defining Unicode char U+04F2 (decimal 1266)
   defining Unicode char U+04F3 (decimal 1267)
   defining Unicode char U+04F4 (decimal 1268)
   defining Unicode char U+04F5 (decimal 1269)
   defining Unicode char U+04F8 (decimal 1272)
   defining Unicode char U+04F9 (decimal 1273)
   defining Unicode char U+200C (decimal 8204)
   defining Unicode char U+2013 (decimal 8211)
   defining Unicode char U+2014 (decimal 8212)
   defining Unicode char U+2018 (decimal 8216)
   defining Unicode char U+2019 (decimal 8217)
   defining Unicode char U+201C (decimal 8220)
   defining Unicode char U+201D (decimal 8221)
   defining Unicode char U+201E (decimal 8222)
   defining Unicode char U+2030 (decimal 8240)
   defining Unicode char U+2031 (decimal 8241)
   defining Unicode char U+2116 (decimal 8470)
   defining Unicode char U+2329 (decimal 9001)
   defining Unicode char U+232A (decimal 9002)
   defining Unicode char U+2423 (decimal 9251)
   defining Unicode char U+27E8 (decimal 10216)
   defining Unicode char U+27E9 (decimal 10217)
   defining Unicode char U+FB00 (decimal 64256)
   defining Unicode char U+FB01 (decimal 64257)
   defining Unicode char U+FB02 (decimal 64258)
   defining Unicode char U+FB03 (decimal 64259)
   defining Unicode char U+FB04 (decimal 64260)
   defining Unicode char U+FB05 (decimal 64261)
   defining Unicode char U+FB06 (decimal 64262)
)))
(d:/Programs/LaTeX/TeXLive/2020/texmf-dist/tex/latex/base/inputenc.sty
Package: inputenc 2020/08/01 v1.3d Input encoding file
\inpenc@prehook=\toks19
\inpenc@posthook=\toks20
)
(d:/Programs/LaTeX/TeXLive/2020/texmf-dist/tex/generic/pdftex/glyphtounicode.te
x) (d:/Programs/LaTeX/TeXLive/2020/texmf-dist/tex/latex/cmap/cmap.sty
Package: cmap 2008/03/06 v1.0h CMap support: searchable PDF


Package cmap Warning: fontenc already loaded - some fonts may be unprocessed.

) (d:/Programs/LaTeX/TeXLive/2020/texmf-dist/tex/generic/babel/babel.sty
Package: babel 2020/10/27 3.51 The Babel package

(d:/Programs/LaTeX/TeXLive/2020/texmf-dist/tex/generic/babel/babel.def
File: babel.def 2020/10/27 3.51 Babel common definitions
\babel@savecnt=\count190
\U@D=\dimen150
\l@babelnohyphens=\language74

(d:/Programs/LaTeX/TeXLive/2020/texmf-dist/tex/generic/babel/txtbabel.def)
\bbl@readstream=\read2
)
\bbl@dirlevel=\count191

(d:/Programs/LaTeX/TeXLive/2020/texmf-dist/tex/generic/babel-english/english.ld
f
Language: english 2017/06/06 v3.3r English support from the babel system
Package babel Info: \l@canadian = using hyphenrules for english
(babel)             (\language0) on input line 102.
Package babel Info: \l@australian = using hyphenrules for ukenglish
(babel)             (\language16) on input line 105.
Package babel Info: \l@newzealand = using hyphenrules for ukenglish
(babel)             (\language16) on input line 108.
)
(d:/Programs/LaTeX/TeXLive/2020/texmf-dist/tex/generic/babel-russian/russianb.l
df
File: russianb.ldf 2020/10/16 1.3l Russian support for the Babel system
Language: russian 2020/09/09 1.3k Russian support for the Babel system
Package babel Info: Making " an active character on input line 120.
Package babel Info: Default for \cyrdash is provided on input line 159.
)
(d:/Programs/LaTeX/TeXLive/2020/texmf-dist/tex/generic/babel-ukrainian/ukraineb
.ldf
File: ukraineb.ldf 2020/10/14 1.4e Ukrainian support for the Babel system
LaTeX Info: Redefining \cyrillictext on input line 84.
LaTeX Info: Redefining \textcyrillic on input line 96.
Package babel Info: Default for \cyrdash is provided on input line 142.
))
(d:/Programs/LaTeX/TeXLive/2020/texmf-dist/tex/latex/microtype/microtype.sty
Package: microtype 2019/11/18 v2.7d Micro-typographical refinements (RS)
\MT@toks=\toks21
\MT@count=\count192
LaTeX Info: Redefining \textls on input line 790.
\MT@outer@kern=\dimen151
LaTeX Info: Redefining \textmicrotypecontext on input line 1354.
\MT@listname@count=\count193

(d:/Programs/LaTeX/TeXLive/2020/texmf-dist/tex/latex/microtype/microtype-pdftex
.def
File: microtype-pdftex.def 2019/11/18 v2.7d Definitions specific to pdftex (RS)

LaTeX Info: Redefining \lsstyle on input line 914.
LaTeX Info: Redefining \lslig on input line 914.
\MT@outer@space=\skip53
)
Package microtype Info: Loading configuration file microtype.cfg.

(d:/Programs/LaTeX/TeXLive/2020/texmf-dist/tex/latex/microtype/microtype.cfg
File: microtype.cfg 2019/11/18 v2.7d microtype main configuration file (RS)
))

! LaTeX Error: Missing \begin{document}.

See the LaTeX manual or LaTeX Companion for explanation.
Type  H <return>  for immediate help.
 ...                                              
                                                  
l.123 \let\@te
              xttop\relax
You're in trouble here.  Try typing  <return>  to proceed.
If that doesn't work, type  X <return>  to quit.

(d:/Programs/LaTeX/TeXLive/2020/texmf-dist/tex/latex/textcase/textcase.sty
Package: textcase 2019/09/14 v1.00 Text only upper/lower case changing (DPC)
)
(d:/Programs/LaTeX/TeXLive/2020/texmf-dist/tex/latex/tools/indentfirst.sty
Package: indentfirst 1995/11/23 v1.03 Indent first paragraph (DPC)
)
(d:/Programs/LaTeX/TeXLive/2020/texmf-dist/tex/latex/subfig/subfig.sty
Package: subfig 2005/06/28 ver: 1.3 subfig package

(d:/Programs/LaTeX/TeXLive/2020/texmf-dist/tex/latex/caption/caption.sty
Package: caption 2020/10/26 v3.5g Customizing captions (AR)

(d:/Programs/LaTeX/TeXLive/2020/texmf-dist/tex/latex/caption/caption3.sty
Package: caption3 2020/10/21 v2.2e caption3 kernel (AR)
\captionmargin=\dimen152
\captionmargin@=\dimen153
\captionwidth=\dimen154
\caption@tempdima=\dimen155
\caption@indent=\dimen156
\caption@parindent=\dimen157
\caption@hangindent=\dimen158
Package caption Info: Standard document class detected.
)
\c@caption@flags=\count194
\c@continuedfloat=\count195
)
\c@KVtest=\count196
\sf@farskip=\skip54
\sf@captopadj=\dimen159
\sf@capskip=\skip55
\sf@nearskip=\skip56
\c@subfigure=\count197
\c@subfigure@save=\count198
\c@lofdepth=\count199
\c@subtable=\count266
\c@subtable@save=\count267
\c@lotdepth=\count268
\sf@top=\skip57
\sf@bottom=\skip58
)
(d:/Programs/LaTeX/TeXLive/2020/texmf-dist/tex/latex/wrapfig/wrapfig.sty
\wrapoverhang=\dimen160
\WF@size=\dimen161
\c@WF@wrappedlines=\count269
\WF@box=\box49
\WF@everypar=\toks22
Package: wrapfig 2003/01/31  v 3.6
)

! LaTeX Error: \usepackage before \documentclass.

See the LaTeX manual or LaTeX Companion for explanation.
Type  H <return>  for immediate help.
 ...                                              
                                                  
l.157 \usepackage{
                  colortbl}
\usepackage may only appear in the document preamble, i.e.,
between \documentclass and \begin{document}.


! LaTeX Error: \usepackage before \documentclass.

See the LaTeX manual or LaTeX Companion for explanation.
Type  H <return>  for immediate help.
 ...                                              
                                                  
l.158 \usepackage{
                  makecell}
\usepackage may only appear in the document preamble, i.e.,
between \documentclass and \begin{document}.


! LaTeX Error: \usepackage before \documentclass.

See the LaTeX manual or LaTeX Companion for explanation.
Type  H <return>  for immediate help.
 ...                                              
                                                  
l.159 \usepackage{
                  longtable}
\usepackage may only appear in the document preamble, i.e.,
between \documentclass and \begin{document}.


! LaTeX Error: \usepackage before \documentclass.

See the LaTeX manual or LaTeX Companion for explanation.
Type  H <return>  for immediate help.
 ...                                              
                                                  
l.160 \usepackage{
                  array,ragged2e}
\usepackage may only appear in the document preamble, i.e.,
between \documentclass and \begin{document}.

(d:/Programs/LaTeX/TeXLive/2020/texmf-dist/tex/latex/amsfonts/amsfonts.sty
Package: amsfonts 2013/01/14 v3.01 Basic AMSFonts support
\@emptytoks=\toks23
\symAMSa=\mathgroup4
\symAMSb=\mathgroup5
LaTeX Font Info:    Redeclaring math symbol \hbar on input line 98.
LaTeX Font Info:    Overwriting math alphabet `\mathfrak' in version `bold'
(Font)                  U/euf/m/n --> U/euf/b/n on input line 106.
)
(d:/Programs/LaTeX/TeXLive/2020/texmf-dist/tex/latex/amsfonts/amssymb.sty
Package: amssymb 2013/01/14 v3.01 AMS font symbols
)
(d:/Programs/LaTeX/TeXLive/2020/texmf-dist/tex/latex/esint/esint.sty
Package: esint 
\symlargesymbolsA=\mathgroup6
)
(d:/Programs/LaTeX/TeXLive/2020/texmf-dist/tex/latex/units/nicefrac.sty
Package: nicefrac 1998/08/04 v0.9b Nice fractions
\L@UnitsRaiseDisplaystyle=\skip59
\L@UnitsRaiseTextstyle=\skip60
\L@UnitsRaiseScriptstyle=\skip61

(d:/Programs/LaTeX/TeXLive/2020/texmf-dist/tex/latex/base/ifthen.sty
Package: ifthen 2014/09/29 v1.1c Standard LaTeX ifthen package (DPC)
))
! Undefined control sequence.
l.175 \allowdisplaybreaks
                         
The control sequence at the end of the top line
of your error message was never \def'ed. If you have
misspelled it (e.g., `\hobx'), type `I' and the correct
spelling (e.g., `I\hbox'). Otherwise just continue,
and I'll forget about whatever was undefined.

(d:/Programs/LaTeX/TeXLive/2020/texmf-dist/tex/latex/mhchem/mhchem.sty
Package: mhchem 2018/06/22 v4.08 for typesetting chemical formulae

(d:/Programs/LaTeX/TeXLive/2020/texmf-dist/tex/latex/l3kernel/expl3.sty
Package: expl3 2020-12-03 L3 programming layer (loader) 

(d:/Programs/LaTeX/TeXLive/2020/texmf-dist/tex/latex/l3backend/l3backend-pdftex
.def
File: l3backend-pdftex.def 2020-09-24 L3 backend support: PDF output (pdfTeX)
\l__kernel_color_stack_int=\count270
\l__pdf_internal_box=\box50
))
(d:/Programs/LaTeX/TeXLive/2020/texmf-dist/tex/latex/l3packages/l3keys2e/l3keys
2e.sty
Package: l3keys2e 2020-10-27 LaTeX2e option processing using LaTeX3 keys
) (d:/Programs/LaTeX/TeXLive/2020/texmf-dist/tex/latex/tools/calc.sty
Package: calc 2017/05/25 v4.3 Infix arithmetic (KKT,FJ)
\calc@Acount=\count271
\calc@Bcount=\count272
\calc@Adimen=\dimen162
\calc@Bdimen=\dimen163
\calc@Askip=\skip62
\calc@Bskip=\skip63
LaTeX Info: Redefining \setlength on input line 80.
LaTeX Info: Redefining \addtolength on input line 81.
\calc@Ccount=\count273
\calc@Cskip=\skip64
)
(d:/Programs/LaTeX/TeXLive/2020/texmf-dist/tex/latex/amsmath/amsmath.sty
Package: amsmath 2020/09/23 v2.17i AMS math features
\@mathmargin=\skip65

For additional information on amsmath, use the `?' option.
(d:/Programs/LaTeX/TeXLive/2020/texmf-dist/tex/latex/amsmath/amstext.sty
Package: amstext 2000/06/29 v2.01 AMS text

(d:/Programs/LaTeX/TeXLive/2020/texmf-dist/tex/latex/amsmath/amsgen.sty
File: amsgen.sty 1999/11/30 v2.0 generic functions
\@emptytoks=\toks24
\ex@=\dimen164
))
(d:/Programs/LaTeX/TeXLive/2020/texmf-dist/tex/latex/amsmath/amsbsy.sty
Package: amsbsy 1999/11/29 v1.2d Bold Symbols
\pmbraise@=\dimen165
)
(d:/Programs/LaTeX/TeXLive/2020/texmf-dist/tex/latex/amsmath/amsopn.sty
Package: amsopn 2016/03/08 v2.02 operator names
)
\inf@bad=\count274
LaTeX Info: Redefining \frac on input line 234.
\uproot@=\count275
\leftroot@=\count276
LaTeX Info: Redefining \overline on input line 399.
\classnum@=\count277
\DOTSCASE@=\count278
LaTeX Info: Redefining \ldots on input line 496.
LaTeX Info: Redefining \dots on input line 499.
LaTeX Info: Redefining \cdots on input line 620.


! LaTeX Error: Command \iint already defined.
               Or name \end... illegal, see p.192 of the manual.

See the LaTeX manual or LaTeX Companion for explanation.
Type  H <return>  for immediate help.
 ...                                              
                                                  
l.659 ...d{\iint}{\DOTSI\protect\MultiIntegral{2}}
                                                  
Your command was ignored.
Type  I <command> <return>  to replace it with another command,
or  <return>  to continue without it.


! LaTeX Error: Command \iiint already defined.
               Or name \end... illegal, see p.192 of the manual.

See the LaTeX manual or LaTeX Companion for explanation.
Type  H <return>  for immediate help.
 ...                                              
                                                  
l.660 ...{\iiint}{\DOTSI\protect\MultiIntegral{3}}
                                                  
Your command was ignored.
Type  I <command> <return>  to replace it with another command,
or  <return>  to continue without it.


! LaTeX Error: Command \iiiint already defined.
               Or name \end... illegal, see p.192 of the manual.

See the LaTeX manual or LaTeX Companion for explanation.
Type  H <return>  for immediate help.
 ...                                              
                                                  
l.661 ...\iiiint}{\DOTSI\protect\MultiIntegral{4}}
                                                  
Your command was ignored.
Type  I <command> <return>  to replace it with another command,
or  <return>  to continue without it.


! LaTeX Error: Command \idotsint already defined.
               Or name \end... illegal, see p.192 of the manual.

See the LaTeX manual or LaTeX Companion for explanation.
Type  H <return>  for immediate help.
 ...                                              
                                                  
l.662 ...dotsint}{\DOTSI\protect\MultiIntegral{0}}
                                                  
Your command was ignored.
Type  I <command> <return>  to replace it with another command,
or  <return>  to continue without it.

\Mathstrutbox@=\box51
\strutbox@=\box52
\big@size=\dimen166
LaTeX Font Info:    Redeclaring font encoding OML on input line 743.
LaTeX Font Info:    Redeclaring font encoding OMS on input line 744.
\macc@depth=\count279
\c@MaxMatrixCols=\count280
\dotsspace@=\muskip16
\c@parentequation=\count281
\dspbrk@lvl=\count282
\tag@help=\toks25
\row@=\count283
\column@=\count284
\maxfields@=\count285
\andhelp@=\toks26
\eqnshift@=\dimen167
\alignsep@=\dimen168
\tagshift@=\dimen169
\tagwidth@=\dimen170
\totwidth@=\dimen171
\lineht@=\dimen172
\@envbody=\toks27
\multlinegap=\skip66
\multlinetaggap=\skip67
\mathdisplay@stack=\toks28
LaTeX Info: Redefining \[ on input line 2923.
LaTeX Info: Redefining \] on input line 2924.
) (d:/Programs/LaTeX/TeXLive/2020/texmf-dist/tex/latex/chemgreek/chemgreek.sty
(d:/Programs/LaTeX/TeXLive/2020/texmf-dist/tex/latex/l3packages/xparse/xparse.s
ty
Package: xparse 2020-10-27 L3 Experimental document command parser

(d:/Programs/LaTeX/TeXLive/2020/texmf-dist/tex/latex/l3packages/xparse/xparse-g
eneric.tex))
Package: chemgreek 2020/01/16 v1.1a interface for upright Greek letters for use
 in chemistry (CN)
\l__chemgreek_tmpa_int=\count286
\g__chemgreek_tmpa_int=\count287
)
(d:/Programs/LaTeX/TeXLive/2020/texmf-dist/tex/latex/graphics/graphics.sty
Package: graphics 2020/08/30 v1.4c Standard LaTeX Graphics (DPC,SPQR)

(d:/Programs/LaTeX/TeXLive/2020/texmf-dist/tex/latex/graphics/trig.sty
Package: trig 2016/01/03 v1.10 sin cos tan (DPC)
)
(d:/Programs/LaTeX/TeXLive/2020/texmf-dist/tex/latex/graphics-cfg/graphics.cfg
File: graphics.cfg 2016/06/04 v1.11 sample graphics configuration
)
Package graphics Info: Driver file: pdftex.def on input line 105.
)
\l__mhchem_ce_distanceFromLastComma_int=\count288
\__mhchem_arrow_extPgfLength_skip=\skip68
\mhchem@minispace@tmp=\skip69
\mhchem@minibackspace@tmp=\skip70
\mhchem@bondwidth=\skip71
\mhchem@bondheight=\skip72
\mhchem@smallbondwidth@tmpA=\skip73
\mhchem@smallbondwidth@tmpB=\skip74
\mhchem@smallbondwidth=\skip75
\mhchem@bondtmp@minussidebearingleft=\skip76
\mhchem@bondtmp@minussidebearingright=\skip77
\l__mhchem_option_version_int=\count289
\mhchem@option@minusmathsidebearingleft=\dimen173
\mhchem@option@minusmathsidebearingright=\dimen174
\mhchem@option@minustextsidebearingleft=\dimen175
\mhchem@option@minustextsidebearingright=\dimen176


Package mhchem Warning: You did not specify a 'version' option for the mhchem
(mhchem)                package. Please write \usepackage[version=4]{mhchem}
(mhchem)                in your preamble (or any lower number for
(mhchem)                compatibility mode), because you might get slightly
(mhchem)                different output with the same input in future versions
.

) (d:/Programs/LaTeX/TeXLive/2020/texmf-dist/tex/latex/booktabs/booktabs.sty
Package: booktabs 2020/01/12 v1.61803398 Publication quality tables
\heavyrulewidth=\dimen177
\lightrulewidth=\dimen178
\cmidrulewidth=\dimen179
\belowrulesep=\dimen180
\belowbottomsep=\dimen181
\aboverulesep=\dimen182
\abovetopsep=\dimen183
\cmidrulesep=\dimen184
\cmidrulekern=\dimen185
\defaultaddspace=\dimen186
\@cmidla=\count290
\@cmidlb=\count291
\@aboverulesep=\dimen187
\@belowrulesep=\dimen188
\@thisruleclass=\count292
\@lastruleclass=\count293
\@thisrulewidth=\dimen189
)
(d:/Programs/LaTeX/TeXLive/2020/texmf-dist/tex/latex/tools/tabularx.sty
Package: tabularx 2020/01/15 v2.11c `tabularx' package (DPC)
\TX@col@width=\dimen190
\TX@old@table=\dimen191
\TX@old@col=\dimen192
\TX@target=\dimen193
\TX@delta=\dimen194
\TX@cols=\count294
\TX@ftn=\toks29
)
(d:/Programs/LaTeX/TeXLive/2020/texmf-dist/tex/latex/varwidth/varwidth.sty
Package: varwidth 2009/03/30 ver 0.92;  Variable-width minipages
\@vwid@box=\box53
\sift@deathcycles=\count295
\@vwid@loff=\dimen195
\@vwid@roff=\dimen196
)
(d:/Programs/LaTeX/TeXLive/2020/texmf-dist/tex/latex/multirow/multirow.sty
Package: multirow 2019/05/31 v2.5 Span multiple rows of a table
\multirow@colwidth=\skip78
\multirow@cntb=\count296
\multirow@dima=\skip79
\bigstrutjot=\dimen197
)
(d:/Programs/LaTeX/TeXLive/2020/texmf-dist/tex/latex/currfile/currfile.sty
Package: currfile 2020/09/29 v0.7d Provides the file path elements of the curre
nt input file

(d:/Programs/LaTeX/TeXLive/2020/texmf-dist/tex/latex/kvoptions/kvoptions.sty
Package: kvoptions 2020-10-07 v3.14 Key value format for package options (HO)

(d:/Programs/LaTeX/TeXLive/2020/texmf-dist/tex/generic/ltxcmds/ltxcmds.sty
Package: ltxcmds 2020-05-10 v1.25 LaTeX kernel commands for general use (HO)
)
(d:/Programs/LaTeX/TeXLive/2020/texmf-dist/tex/generic/kvsetkeys/kvsetkeys.sty
Package: kvsetkeys 2019/12/15 v1.18 Key value parser (HO)
)) (d:/Programs/LaTeX/TeXLive/2020/texmf-dist/tex/latex/filehook/filehook.sty
Package: filehook 2020/09/29 v0.8a Hooks for input files

(d:/Programs/LaTeX/TeXLive/2020/texmf-dist/tex/latex/filehook/filehook-2020.sty
Package: filehook-2020 2020/09/29 v0.8a Hooks for input files
))
\c@currfiledepth=\count297
) (d:/Programs/LaTeX/TeXLive/2020/texmf-dist/tex/latex/epigraph/epigraph.sty
Package: epigraph 2020/01/02 v1.5e typesetting epigraphs

(d:/Programs/LaTeX/TeXLive/2020/texmf-dist/tex/latex/nextpage/nextpage.sty
Package: nextpage 2009/09/03 v1.1a additional page commands
)
\beforeepigraphskip=\skip80
\afterepigraphskip=\skip81
\epigraphwidth=\skip82
\epigraphrule=\skip83
)
(d:/Programs/LaTeX/TeXLive/2020/texmf-dist/tex/latex/lastpage/lastpage.sty
Package: lastpage 2015/03/29 v1.2m Refers to last page's name (HMM; JPG)
)
(d:/Programs/LaTeX/TeXLive/2020/texmf-dist/tex/latex/todonotes/todonotes.sty
Package: todonotes 2020/08/18 v1.1.3 Todonotes source and documentation.
Package: todonotes 2018/11/22

(d:/Programs/LaTeX/TeXLive/2020/texmf-dist/tex/latex/xkeyval/xkeyval.sty
Package: xkeyval 2020/11/20 v2.8 package option processing (HA)

(d:/Programs/LaTeX/TeXLive/2020/texmf-dist/tex/generic/xkeyval/xkeyval.tex
(d:/Programs/LaTeX/TeXLive/2020/texmf-dist/tex/generic/xkeyval/xkvutils.tex
\XKV@toks=\toks30
\XKV@tempa@toks=\toks31
)
\XKV@depth=\count298
File: xkeyval.tex 2014/12/03 v2.7a key=value parser (HA)
))
(d:/Programs/LaTeX/TeXLive/2020/texmf-dist/tex/latex/pgf/frontendlayer/tikz.sty
(d:/Programs/LaTeX/TeXLive/2020/texmf-dist/tex/latex/pgf/basiclayer/pgf.sty
(d:/Programs/LaTeX/TeXLive/2020/texmf-dist/tex/latex/pgf/utilities/pgfrcs.sty
(d:/Programs/LaTeX/TeXLive/2020/texmf-dist/tex/generic/pgf/utilities/pgfutil-co
mmon.tex
\pgfutil@everybye=\toks32
\pgfutil@tempdima=\dimen198
\pgfutil@tempdimb=\dimen199

(d:/Programs/LaTeX/TeXLive/2020/texmf-dist/tex/generic/pgf/utilities/pgfutil-co
mmon-lists.tex))
(d:/Programs/LaTeX/TeXLive/2020/texmf-dist/tex/generic/pgf/utilities/pgfutil-la
tex.def
\pgfutil@abb=\box54
)
(d:/Programs/LaTeX/TeXLive/2020/texmf-dist/tex/generic/pgf/utilities/pgfrcs.cod
e.tex
(d:/Programs/LaTeX/TeXLive/2020/texmf-dist/tex/generic/pgf/pgf.revision.tex)
Package: pgfrcs 2020/12/01 v3.1.7a (3.1.7a)
))
Package: pgf 2020/12/01 v3.1.7a (3.1.7a)

(d:/Programs/LaTeX/TeXLive/2020/texmf-dist/tex/latex/pgf/basiclayer/pgfcore.sty
(d:/Programs/LaTeX/TeXLive/2020/texmf-dist/tex/latex/graphics/graphicx.sty
Package: graphicx 2020/09/09 v1.2b Enhanced LaTeX Graphics (DPC,SPQR)
\Gin@req@height=\dimen256
\Gin@req@width=\dimen257
)
(d:/Programs/LaTeX/TeXLive/2020/texmf-dist/tex/latex/pgf/systemlayer/pgfsys.sty

(d:/Programs/LaTeX/TeXLive/2020/texmf-dist/tex/generic/pgf/systemlayer/pgfsys.c
ode.tex
Package: pgfsys 2020/12/01 v3.1.7a (3.1.7a)

(d:/Programs/LaTeX/TeXLive/2020/texmf-dist/tex/generic/pgf/utilities/pgfkeys.co
de.tex
\pgfkeys@pathtoks=\toks33
\pgfkeys@temptoks=\toks34

(d:/Programs/LaTeX/TeXLive/2020/texmf-dist/tex/generic/pgf/utilities/pgfkeysfil
tered.code.tex
\pgfkeys@tmptoks=\toks35
))
\pgf@x=\dimen258
\pgf@y=\dimen259
\pgf@xa=\dimen260
\pgf@ya=\dimen261
\pgf@xb=\dimen262
\pgf@yb=\dimen263
\pgf@xc=\dimen264
\pgf@yc=\dimen265
\pgf@xd=\dimen266
\pgf@yd=\dimen267
\w@pgf@writea=\write3
\r@pgf@reada=\read3
\c@pgf@counta=\count299
\c@pgf@countb=\count300
\c@pgf@countc=\count301
\c@pgf@countd=\count302
\t@pgf@toka=\toks36
\t@pgf@tokb=\toks37
\t@pgf@tokc=\toks38
\pgf@sys@id@count=\count303

(d:/Programs/LaTeX/TeXLive/2020/texmf-dist/tex/generic/pgf/systemlayer/pgf.cfg
File: pgf.cfg 2020/12/01 v3.1.7a (3.1.7a)
)
Driver file for pgf: pgfsys-pdftex.def

(d:/Programs/LaTeX/TeXLive/2020/texmf-dist/tex/generic/pgf/systemlayer/pgfsys-p
dftex.def
File: pgfsys-pdftex.def 2020/12/01 v3.1.7a (3.1.7a)

(d:/Programs/LaTeX/TeXLive/2020/texmf-dist/tex/generic/pgf/systemlayer/pgfsys-c
ommon-pdf.def
File: pgfsys-common-pdf.def 2020/12/01 v3.1.7a (3.1.7a)
)))
(d:/Programs/LaTeX/TeXLive/2020/texmf-dist/tex/generic/pgf/systemlayer/pgfsysso
ftpath.code.tex
File: pgfsyssoftpath.code.tex 2020/12/01 v3.1.7a (3.1.7a)
\pgfsyssoftpath@smallbuffer@items=\count304
\pgfsyssoftpath@bigbuffer@items=\count305
)
(d:/Programs/LaTeX/TeXLive/2020/texmf-dist/tex/generic/pgf/systemlayer/pgfsyspr
otocol.code.tex
File: pgfsysprotocol.code.tex 2020/12/01 v3.1.7a (3.1.7a)
))
(d:/Programs/LaTeX/TeXLive/2020/texmf-dist/tex/generic/pgf/basiclayer/pgfcore.c
ode.tex
Package: pgfcore 2020/12/01 v3.1.7a (3.1.7a)

(d:/Programs/LaTeX/TeXLive/2020/texmf-dist/tex/generic/pgf/math/pgfmath.code.te
x
(d:/Programs/LaTeX/TeXLive/2020/texmf-dist/tex/generic/pgf/math/pgfmathcalc.cod
e.tex
(d:/Programs/LaTeX/TeXLive/2020/texmf-dist/tex/generic/pgf/math/pgfmathutil.cod
e.tex)
(d:/Programs/LaTeX/TeXLive/2020/texmf-dist/tex/generic/pgf/math/pgfmathparser.c
ode.tex
\pgfmath@dimen=\dimen268
\pgfmath@count=\count306
\pgfmath@box=\box55
\pgfmath@toks=\toks39
\pgfmath@stack@operand=\toks40
\pgfmath@stack@operation=\toks41
)
(d:/Programs/LaTeX/TeXLive/2020/texmf-dist/tex/generic/pgf/math/pgfmathfunction
s.code.tex
(d:/Programs/LaTeX/TeXLive/2020/texmf-dist/tex/generic/pgf/math/pgfmathfunction
s.basic.code.tex)
(d:/Programs/LaTeX/TeXLive/2020/texmf-dist/tex/generic/pgf/math/pgfmathfunction
s.trigonometric.code.tex)
(d:/Programs/LaTeX/TeXLive/2020/texmf-dist/tex/generic/pgf/math/pgfmathfunction
s.random.code.tex)
(d:/Programs/LaTeX/TeXLive/2020/texmf-dist/tex/generic/pgf/math/pgfmathfunction
s.comparison.code.tex)
(d:/Programs/LaTeX/TeXLive/2020/texmf-dist/tex/generic/pgf/math/pgfmathfunction
s.base.code.tex)
(d:/Programs/LaTeX/TeXLive/2020/texmf-dist/tex/generic/pgf/math/pgfmathfunction
s.round.code.tex)
(d:/Programs/LaTeX/TeXLive/2020/texmf-dist/tex/generic/pgf/math/pgfmathfunction
s.misc.code.tex)
(d:/Programs/LaTeX/TeXLive/2020/texmf-dist/tex/generic/pgf/math/pgfmathfunction
s.integerarithmetics.code.tex)))
(d:/Programs/LaTeX/TeXLive/2020/texmf-dist/tex/generic/pgf/math/pgfmathfloat.co
de.tex
\c@pgfmathroundto@lastzeros=\count307
))
(d:/Programs/LaTeX/TeXLive/2020/texmf-dist/tex/generic/pgf/math/pgfint.code.tex
)
(d:/Programs/LaTeX/TeXLive/2020/texmf-dist/tex/generic/pgf/basiclayer/pgfcorepo
ints.code.tex
File: pgfcorepoints.code.tex 2020/12/01 v3.1.7a (3.1.7a)
\pgf@picminx=\dimen269
\pgf@picmaxx=\dimen270
\pgf@picminy=\dimen271
\pgf@picmaxy=\dimen272
\pgf@pathminx=\dimen273
\pgf@pathmaxx=\dimen274
\pgf@pathminy=\dimen275
\pgf@pathmaxy=\dimen276
\pgf@xx=\dimen277
\pgf@xy=\dimen278
\pgf@yx=\dimen279
\pgf@yy=\dimen280
\pgf@zx=\dimen281
\pgf@zy=\dimen282
)
(d:/Programs/LaTeX/TeXLive/2020/texmf-dist/tex/generic/pgf/basiclayer/pgfcorepa
thconstruct.code.tex
File: pgfcorepathconstruct.code.tex 2020/12/01 v3.1.7a (3.1.7a)
\pgf@path@lastx=\dimen283
\pgf@path@lasty=\dimen284
)
(d:/Programs/LaTeX/TeXLive/2020/texmf-dist/tex/generic/pgf/basiclayer/pgfcorepa
thusage.code.tex
File: pgfcorepathusage.code.tex 2020/12/01 v3.1.7a (3.1.7a)
\pgf@shorten@end@additional=\dimen285
\pgf@shorten@start@additional=\dimen286
)
(d:/Programs/LaTeX/TeXLive/2020/texmf-dist/tex/generic/pgf/basiclayer/pgfcoresc
opes.code.tex
File: pgfcorescopes.code.tex 2020/12/01 v3.1.7a (3.1.7a)
\pgfpic=\box56
\pgf@hbox=\box57
\pgf@layerbox@main=\box58
\pgf@picture@serial@count=\count308
)
(d:/Programs/LaTeX/TeXLive/2020/texmf-dist/tex/generic/pgf/basiclayer/pgfcoregr
aphicstate.code.tex
File: pgfcoregraphicstate.code.tex 2020/12/01 v3.1.7a (3.1.7a)
\pgflinewidth=\dimen287
)
(d:/Programs/LaTeX/TeXLive/2020/texmf-dist/tex/generic/pgf/basiclayer/pgfcoretr
ansformations.code.tex
File: pgfcoretransformations.code.tex 2020/12/01 v3.1.7a (3.1.7a)
\pgf@pt@x=\dimen288
\pgf@pt@y=\dimen289
\pgf@pt@temp=\dimen290
)
(d:/Programs/LaTeX/TeXLive/2020/texmf-dist/tex/generic/pgf/basiclayer/pgfcorequ
ick.code.tex
File: pgfcorequick.code.tex 2020/12/01 v3.1.7a (3.1.7a)
)
(d:/Programs/LaTeX/TeXLive/2020/texmf-dist/tex/generic/pgf/basiclayer/pgfcoreob
jects.code.tex
File: pgfcoreobjects.code.tex 2020/12/01 v3.1.7a (3.1.7a)
)
(d:/Programs/LaTeX/TeXLive/2020/texmf-dist/tex/generic/pgf/basiclayer/pgfcorepa
thprocessing.code.tex
File: pgfcorepathprocessing.code.tex 2020/12/01 v3.1.7a (3.1.7a)
)
(d:/Programs/LaTeX/TeXLive/2020/texmf-dist/tex/generic/pgf/basiclayer/pgfcorear
rows.code.tex
File: pgfcorearrows.code.tex 2020/12/01 v3.1.7a (3.1.7a)
\pgfarrowsep=\dimen291
)
(d:/Programs/LaTeX/TeXLive/2020/texmf-dist/tex/generic/pgf/basiclayer/pgfcoresh
ade.code.tex
File: pgfcoreshade.code.tex 2020/12/01 v3.1.7a (3.1.7a)
\pgf@max=\dimen292
\pgf@sys@shading@range@num=\count309
\pgf@shadingcount=\count310
)
(d:/Programs/LaTeX/TeXLive/2020/texmf-dist/tex/generic/pgf/basiclayer/pgfcoreim
age.code.tex
File: pgfcoreimage.code.tex 2020/12/01 v3.1.7a (3.1.7a)

(d:/Programs/LaTeX/TeXLive/2020/texmf-dist/tex/generic/pgf/basiclayer/pgfcoreex
ternal.code.tex
File: pgfcoreexternal.code.tex 2020/12/01 v3.1.7a (3.1.7a)
\pgfexternal@startupbox=\box59
))
(d:/Programs/LaTeX/TeXLive/2020/texmf-dist/tex/generic/pgf/basiclayer/pgfcorela
yers.code.tex
File: pgfcorelayers.code.tex 2020/12/01 v3.1.7a (3.1.7a)
)
(d:/Programs/LaTeX/TeXLive/2020/texmf-dist/tex/generic/pgf/basiclayer/pgfcoretr
ansparency.code.tex
File: pgfcoretransparency.code.tex 2020/12/01 v3.1.7a (3.1.7a)
)
(d:/Programs/LaTeX/TeXLive/2020/texmf-dist/tex/generic/pgf/basiclayer/pgfcorepa
tterns.code.tex
File: pgfcorepatterns.code.tex 2020/12/01 v3.1.7a (3.1.7a)
)
(d:/Programs/LaTeX/TeXLive/2020/texmf-dist/tex/generic/pgf/basiclayer/pgfcorerd
f.code.tex
File: pgfcorerdf.code.tex 2020/12/01 v3.1.7a (3.1.7a)
)))
(d:/Programs/LaTeX/TeXLive/2020/texmf-dist/tex/generic/pgf/modules/pgfmodulesha
pes.code.tex
File: pgfmoduleshapes.code.tex 2020/12/01 v3.1.7a (3.1.7a)
\pgfnodeparttextbox=\box60
)
(d:/Programs/LaTeX/TeXLive/2020/texmf-dist/tex/generic/pgf/modules/pgfmoduleplo
t.code.tex
File: pgfmoduleplot.code.tex 2020/12/01 v3.1.7a (3.1.7a)
)
(d:/Programs/LaTeX/TeXLive/2020/texmf-dist/tex/latex/pgf/compatibility/pgfcomp-
version-0-65.sty
Package: pgfcomp-version-0-65 2020/12/01 v3.1.7a (3.1.7a)
\pgf@nodesepstart=\dimen293
\pgf@nodesepend=\dimen294
)
(d:/Programs/LaTeX/TeXLive/2020/texmf-dist/tex/latex/pgf/compatibility/pgfcomp-
version-1-18.sty
Package: pgfcomp-version-1-18 2020/12/01 v3.1.7a (3.1.7a)
))
(d:/Programs/LaTeX/TeXLive/2020/texmf-dist/tex/latex/pgf/utilities/pgffor.sty
(d:/Programs/LaTeX/TeXLive/2020/texmf-dist/tex/latex/pgf/utilities/pgfkeys.sty
(d:/Programs/LaTeX/TeXLive/2020/texmf-dist/tex/generic/pgf/utilities/pgfkeys.co
de.tex))
(d:/Programs/LaTeX/TeXLive/2020/texmf-dist/tex/latex/pgf/math/pgfmath.sty
(d:/Programs/LaTeX/TeXLive/2020/texmf-dist/tex/generic/pgf/math/pgfmath.code.te
x))
(d:/Programs/LaTeX/TeXLive/2020/texmf-dist/tex/generic/pgf/utilities/pgffor.cod
e.tex
Package: pgffor 2020/12/01 v3.1.7a (3.1.7a)

(d:/Programs/LaTeX/TeXLive/2020/texmf-dist/tex/generic/pgf/math/pgfmath.code.te
x)
\pgffor@iter=\dimen295
\pgffor@skip=\dimen296
\pgffor@stack=\toks42
\pgffor@toks=\toks43
))
(d:/Programs/LaTeX/TeXLive/2020/texmf-dist/tex/generic/pgf/frontendlayer/tikz/t
ikz.code.tex
Package: tikz 2020/12/01 v3.1.7a (3.1.7a)

(d:/Programs/LaTeX/TeXLive/2020/texmf-dist/tex/generic/pgf/libraries/pgflibrary
plothandlers.code.tex
File: pgflibraryplothandlers.code.tex 2020/12/01 v3.1.7a (3.1.7a)
\pgf@plot@mark@count=\count311
\pgfplotmarksize=\dimen297
)
\tikz@lastx=\dimen298
\tikz@lasty=\dimen299
\tikz@lastxsaved=\dimen300
\tikz@lastysaved=\dimen301
\tikz@lastmovetox=\dimen302
\tikz@lastmovetoy=\dimen303
\tikzleveldistance=\dimen304
\tikzsiblingdistance=\dimen305
\tikz@figbox=\box61
\tikz@figbox@bg=\box62
\tikz@tempbox=\box63
\tikz@tempbox@bg=\box64
\tikztreelevel=\count312
\tikznumberofchildren=\count313
\tikznumberofcurrentchild=\count314
\tikz@fig@count=\count315

(d:/Programs/LaTeX/TeXLive/2020/texmf-dist/tex/generic/pgf/modules/pgfmodulemat
rix.code.tex
File: pgfmodulematrix.code.tex 2020/12/01 v3.1.7a (3.1.7a)
\pgfmatrixcurrentrow=\count316
\pgfmatrixcurrentcolumn=\count317
\pgf@matrix@numberofcolumns=\count318
)
\tikz@expandcount=\count319

(d:/Programs/LaTeX/TeXLive/2020/texmf-dist/tex/generic/pgf/frontendlayer/tikz/l
ibraries/tikzlibrarytopaths.code.tex
File: tikzlibrarytopaths.code.tex 2020/12/01 v3.1.7a (3.1.7a)
)))
(d:/Programs/LaTeX/TeXLive/2020/texmf-dist/tex/generic/pgf/frontendlayer/tikz/l
ibraries/tikzlibrarypositioning.code.tex
File: tikzlibrarypositioning.code.tex 2020/12/01 v3.1.7a (3.1.7a)
)
(d:/Programs/LaTeX/TeXLive/2020/texmf-dist/tex/generic/pgf/frontendlayer/tikz/l
ibraries/tikzlibraryshadows.code.tex
File: tikzlibraryshadows.code.tex 2020/12/01 v3.1.7a (3.1.7a)

(d:/Programs/LaTeX/TeXLive/2020/texmf-dist/tex/generic/pgf/frontendlayer/tikz/l
ibraries/tikzlibraryfadings.code.tex
File: tikzlibraryfadings.code.tex 2020/12/01 v3.1.7a (3.1.7a)

(d:/Programs/LaTeX/TeXLive/2020/texmf-dist/tex/generic/pgf/libraries/pgflibrary
fadings.code.tex
File: pgflibraryfadings.code.tex 2020/12/01 v3.1.7a (3.1.7a)
)))
\c@@todonotes@numberoftodonotes=\count320
)
(d:/Programs/LaTeX/TeXLive/2020/texmf-dist/tex/generic/pdftexcmds/pdftexcmds.st
y
Package: pdftexcmds 2020-06-27 v0.33 Utility functions of pdfTeX for LuaTeX (HO
)

(d:/Programs/LaTeX/TeXLive/2020/texmf-dist/tex/generic/infwarerr/infwarerr.sty
Package: infwarerr 2019/12/03 v1.5 Providing info/warning/error messages (HO)
)
Package pdftexcmds Info: \pdf@primitive is available.
Package pdftexcmds Info: \pdf@ifprimitive is available.
Package pdftexcmds Info: \pdfdraftmode found.
) (d:/Programs/LaTeX/TeXLive/2020/texmf-dist/tex/latex/tcolorbox/tcolorbox.sty
Package: tcolorbox 2020/10/09 version 4.42 text color boxes

(d:/Programs/LaTeX/TeXLive/2020/texmf-dist/tex/latex/tools/verbatim.sty
Package: verbatim 2020-07-07 v1.5u LaTeX2e package for verbatim enhancements
\every@verbatim=\toks44
\verbatim@line=\toks45
\verbatim@in@stream=\read4
)
(d:/Programs/LaTeX/TeXLive/2020/texmf-dist/tex/latex/environ/environ.sty
Package: environ 2014/05/04 v0.3 A new way to define environments

(d:/Programs/LaTeX/TeXLive/2020/texmf-dist/tex/latex/trimspaces/trimspaces.sty
Package: trimspaces 2009/09/17 v1.1 Trim spaces around a token list
)) (d:/Programs/LaTeX/TeXLive/2020/texmf-dist/tex/latex/etoolbox/etoolbox.sty
Package: etoolbox 2020/10/05 v2.5k e-TeX tools for LaTeX (JAW)
\etb@tempcnta=\count321
)
\tcb@titlebox=\box65
\tcb@upperbox=\box66
\tcb@lowerbox=\box67
\tcb@phantombox=\box68
\c@tcbbreakpart=\count322
\c@tcblayer=\count323
\c@tcolorbox@number=\count324
\tcb@temp=\box69
\tcb@temp=\box70
\tcb@temp=\box71
\tcb@temp=\box72
\tcb@out=\write4
\tcb@record@out=\write5

(d:/Programs/LaTeX/TeXLive/2020/texmf-dist/tex/latex/tcolorbox/tcbraster.code.t
ex
Library (tcolorbox): 'tcbraster.code.tex' version '4.42'
\c@tcbrastercolumn=\count325
\c@tcbrasterrow=\count326
\c@tcbraster=\count327
)
(d:/Programs/LaTeX/TeXLive/2020/texmf-dist/tex/latex/tcolorbox/tcbskins.code.te
x
Library (tcolorbox): 'tcbskins.code.tex' version '4.42'
\tcb@waterbox=\box73

(d:/Programs/LaTeX/TeXLive/2020/texmf-dist/tex/latex/tcolorbox/tcbskinsjigsaw.c
ode.tex
Library (tcolorbox): 'tcbskinsjigsaw.code.tex' version '4.42'
))
(d:/Programs/LaTeX/TeXLive/2020/texmf-dist/tex/latex/tcolorbox/tcbbreakable.cod
e.tex
Library (tcolorbox): 'tcbbreakable.code.tex' version '4.42'
(d:/Programs/LaTeX/TeXLive/2020/texmf-dist/tex/generic/oberdiek/pdfcol.sty
Package: pdfcol 2019/12/29 v1.6 Handle new color stacks for pdfTeX (HO)
)
Package pdfcol Info: New color stack `tcb@breakable' = 1 on input line 23.
\tcb@testbox=\box74
\tcb@totalupperbox=\box75
\tcb@totallowerbox=\box76
)
(d:/Programs/LaTeX/TeXLive/2020/texmf-dist/tex/latex/tcolorbox/tcbhooks.code.te
x
Library (tcolorbox): 'tcbhooks.code.tex' version '4.42'
)
(d:/Programs/LaTeX/TeXLive/2020/texmf-dist/tex/latex/tcolorbox/tcbtheorems.code
.tex
Library (tcolorbox): 'tcbtheorems.code.tex' version '4.42'
)
(d:/Programs/LaTeX/TeXLive/2020/texmf-dist/tex/latex/tcolorbox/tcbfitting.code.
tex
Library (tcolorbox): 'tcbfitting.code.tex' version '4.42'
\tcbfitdim=\dimen306
\tcb@lowerfitdim=\dimen307
\tcb@upperfitdim=\dimen308
\tcb@cur@hbadness=\count328
)
(d:/Programs/LaTeX/TeXLive/2020/texmf-dist/tex/latex/tcolorbox/tcbxparse.code.t
ex
Library (tcolorbox): 'tcbxparse.code.tex' version '4.42'
)
(d:/Programs/LaTeX/TeXLive/2020/texmf-dist/tex/latex/tcolorbox/tcblistingsutf8.
code.tex
Library (tcolorbox): 'tcblistingsutf8.code.tex' version '4.42'

(d:/Programs/LaTeX/TeXLive/2020/texmf-dist/tex/latex/tcolorbox/tcblistings.code
.tex
Library (tcolorbox): 'tcblistings.code.tex' version '4.42'
(d:/Programs/LaTeX/TeXLive/2020/texmf-dist/tex/latex/listings/listings.sty
\lst@mode=\count329
\lst@gtempboxa=\box77
\lst@token=\toks46
\lst@length=\count330
\lst@currlwidth=\dimen309
\lst@column=\count331
\lst@pos=\count332
\lst@lostspace=\dimen310
\lst@width=\dimen311
\lst@newlines=\count333
\lst@lineno=\count334
\lst@maxwidth=\dimen312

(d:/Programs/LaTeX/TeXLive/2020/texmf-dist/tex/latex/listings/lstmisc.sty
File: lstmisc.sty 2020/03/24 1.8d (Carsten Heinz)
\c@lstnumber=\count335
\lst@skipnumbers=\count336
\lst@framebox=\box78
)
(d:/Programs/LaTeX/TeXLive/2020/texmf-dist/tex/latex/listings/listings.cfg
File: listings.cfg 2020/03/24 1.8d listings configuration
))
Package: listings 2020/03/24 1.8d (Carsten Heinz)

(d:/Programs/LaTeX/TeXLive/2020/texmf-dist/tex/latex/tcolorbox/tcblistingscore.
code.tex
Library (tcolorbox): 'tcblistingscore.code.tex' version '4.42'

(d:/Programs/LaTeX/TeXLive/2020/texmf-dist/tex/latex/tcolorbox/tcbprocessing.co
de.tex
Library (tcolorbox): 'tcbprocessing.code.tex' version '4.42'
(d:/Programs/LaTeX/TeXLive/2020/texmf-dist/tex/latex/tools/shellesc.sty
Package: shellesc 2019/11/08 v1.0c unified shell escape interface for LaTeX
Package shellesc Info: Unrestricted shell escape enabled on input line 75.
))
\c@tcblisting=\count337
))
(d:/Programs/LaTeX/TeXLive/2020/texmf-dist/tex/latex/listingsutf8/listingsutf8.
sty
Package: listingsutf8 2019-12-10 v1.5 Allow UTF-8 in listings input (HO)

(d:/Programs/LaTeX/TeXLive/2020/texmf-dist/tex/generic/stringenc/stringenc.sty
Package: stringenc 2019/11/29 v1.12 Convert strings between diff. encodings (HO
)

(d:/Programs/LaTeX/TeXLive/2020/texmf-dist/tex/generic/pdfescape/pdfescape.sty
Package: pdfescape 2019/12/09 v1.15 Implements pdfTeX's escape features (HO)
))))
(d:/Programs/LaTeX/TeXLive/2020/texmf-dist/tex/latex/tcolorbox/tcbexternal.code
.tex
Library (tcolorbox): 'tcbexternal.code.tex' version '4.42'
)
(d:/Programs/LaTeX/TeXLive/2020/texmf-dist/tex/latex/tcolorbox/tcbmagazine.code
.tex
Library (tcolorbox): 'tcbmagazine.code.tex' version '4.42'
)
(d:/Programs/LaTeX/TeXLive/2020/texmf-dist/tex/latex/tcolorbox/tcbvignette.code
.tex
Library (tcolorbox): 'tcbvignette.code.tex' version '4.42'
)
(d:/Programs/LaTeX/TeXLive/2020/texmf-dist/tex/latex/tcolorbox/tcbposter.code.t
ex
Library (tcolorbox): 'tcbposter.code.tex' version '4.42'
)) (d:/Programs/LaTeX/TeXLive/2020/texmf-dist/tex/latex/pgfplots/pgfplots.sty
(d:/Programs/LaTeX/TeXLive/2020/texmf-dist/tex/generic/pgfplots/pgfplots.revisi
on.tex)
Package: pgfplots 2020/02/29 v1.17 Data Visualization (1.17)

(d:/Programs/LaTeX/TeXLive/2020/texmf-dist/tex/generic/pgfplots/pgfplots.code.t
ex
(d:/Programs/LaTeX/TeXLive/2020/texmf-dist/tex/generic/pgfplots/pgfplotscore.co
de.tex
\t@pgfplots@toka=\toks47
\t@pgfplots@tokb=\toks48
\t@pgfplots@tokc=\toks49
\pgfplots@tmpa=\dimen313
\c@pgfplots@coordindex=\count338
\c@pgfplots@scanlineindex=\count339

(d:/Programs/LaTeX/TeXLive/2020/texmf-dist/tex/generic/pgfplots/sys/pgfplotssys
generic.code.tex))
(d:/Programs/LaTeX/TeXLive/2020/texmf-dist/tex/generic/pgfplots/libs/pgfplotsli
brary.code.tex)
(d:/Programs/LaTeX/TeXLive/2020/texmf-dist/tex/generic/pgfplots/oldpgfcompatib/
pgfplotsoldpgfsupp_loader.code.tex
(d:/Programs/LaTeX/TeXLive/2020/texmf-dist/tex/generic/pgf/libraries/pgflibrary
fpu.code.tex))
(d:/Programs/LaTeX/TeXLive/2020/texmf-dist/tex/generic/pgfplots/util/pgfplotsut
il.code.tex
(d:/Programs/LaTeX/TeXLive/2020/texmf-dist/tex/generic/pgfplots/liststructure/p
gfplotsliststructure.code.tex)
(d:/Programs/LaTeX/TeXLive/2020/texmf-dist/tex/generic/pgfplots/liststructure/p
gfplotsliststructureext.code.tex)
(d:/Programs/LaTeX/TeXLive/2020/texmf-dist/tex/generic/pgfplots/liststructure/p
gfplotsarray.code.tex
\c@pgfplotsarray@tmp=\count340
)
(d:/Programs/LaTeX/TeXLive/2020/texmf-dist/tex/generic/pgfplots/liststructure/p
gfplotsmatrix.code.tex)
(d:/Programs/LaTeX/TeXLive/2020/texmf-dist/tex/generic/pgfplots/numtable/pgfplo
tstableshared.code.tex
\c@pgfplotstable@counta=\count341
\t@pgfplotstable@a=\toks50
)
(d:/Programs/LaTeX/TeXLive/2020/texmf-dist/tex/generic/pgfplots/liststructure/p
gfplotsdeque.code.tex)
(d:/Programs/LaTeX/TeXLive/2020/texmf-dist/tex/generic/pgfplots/util/pgfplotsbi
nary.code.tex
(d:/Programs/LaTeX/TeXLive/2020/texmf-dist/tex/generic/pgfplots/util/pgfplotsbi
nary.data.code.tex))
(d:/Programs/LaTeX/TeXLive/2020/texmf-dist/tex/generic/pgfplots/util/pgfplotsut
il.verb.code.tex)
(d:/Programs/LaTeX/TeXLive/2020/texmf-dist/tex/generic/pgfplots/libs/pgflibrary
pgfplots.surfshading.code.tex
\c@pgfplotslibrarysurf@no=\count342

(d:/Programs/LaTeX/TeXLive/2020/texmf-dist/tex/generic/pgfplots/sys/pgflibraryp
gfplots.surfshading.pgfsys-pdftex.def)))
(d:/Programs/LaTeX/TeXLive/2020/texmf-dist/tex/generic/pgfplots/util/pgfplotsco
lormap.code.tex
(d:/Programs/LaTeX/TeXLive/2020/texmf-dist/tex/generic/pgfplots/util/pgfplotsco
lor.code.tex))
(d:/Programs/LaTeX/TeXLive/2020/texmf-dist/tex/generic/pgfplots/pgfplotsstacked
plots.code.tex)
(d:/Programs/LaTeX/TeXLive/2020/texmf-dist/tex/generic/pgfplots/pgfplotsplothan
dlers.code.tex
(d:/Programs/LaTeX/TeXLive/2020/texmf-dist/tex/generic/pgfplots/pgfplotsmeshplo
thandler.code.tex
(d:/Programs/LaTeX/TeXLive/2020/texmf-dist/tex/generic/pgfplots/pgfplotsmeshplo
timage.code.tex)))
(d:/Programs/LaTeX/TeXLive/2020/texmf-dist/tex/generic/pgfplots/pgfplots.scalin
g.code.tex)
(d:/Programs/LaTeX/TeXLive/2020/texmf-dist/tex/generic/pgfplots/pgfplotscoordpr
ocessing.code.tex)
(d:/Programs/LaTeX/TeXLive/2020/texmf-dist/tex/generic/pgfplots/pgfplots.errorb
ars.code.tex)
(d:/Programs/LaTeX/TeXLive/2020/texmf-dist/tex/generic/pgfplots/pgfplots.marker
s.code.tex)
(d:/Programs/LaTeX/TeXLive/2020/texmf-dist/tex/generic/pgfplots/pgfplotsticks.c
ode.tex)
(d:/Programs/LaTeX/TeXLive/2020/texmf-dist/tex/generic/pgfplots/pgfplots.paths.
code.tex)
(d:/Programs/LaTeX/TeXLive/2020/texmf-dist/tex/generic/pgf/frontendlayer/tikz/l
ibraries/tikzlibrarydecorations.code.tex
(d:/Programs/LaTeX/TeXLive/2020/texmf-dist/tex/generic/pgf/modules/pgfmoduledec
orations.code.tex
\pgfdecoratedcompleteddistance=\dimen314
\pgfdecoratedremainingdistance=\dimen315
\pgfdecoratedinputsegmentcompleteddistance=\dimen316
\pgfdecoratedinputsegmentremainingdistance=\dimen317
\pgf@decorate@distancetomove=\dimen318
\pgf@decorate@repeatstate=\count343
\pgfdecorationsegmentamplitude=\dimen319
\pgfdecorationsegmentlength=\dimen320
)
\tikz@lib@dec@box=\box79
)
(d:/Programs/LaTeX/TeXLive/2020/texmf-dist/tex/generic/pgf/frontendlayer/tikz/l
ibraries/tikzlibrarydecorations.pathmorphing.code.tex
(d:/Programs/LaTeX/TeXLive/2020/texmf-dist/tex/generic/pgf/libraries/decoration
s/pgflibrarydecorations.pathmorphing.code.tex))
(d:/Programs/LaTeX/TeXLive/2020/texmf-dist/tex/generic/pgf/frontendlayer/tikz/l
ibraries/tikzlibrarydecorations.pathreplacing.code.tex
(d:/Programs/LaTeX/TeXLive/2020/texmf-dist/tex/generic/pgf/libraries/decoration
s/pgflibrarydecorations.pathreplacing.code.tex))
\pgfplots@numplots=\count344
\pgfplots@xmin@reg=\dimen321
\pgfplots@xmax@reg=\dimen322
\pgfplots@ymin@reg=\dimen323
\pgfplots@ymax@reg=\dimen324
\pgfplots@zmin@reg=\dimen325
\pgfplots@zmax@reg=\dimen326
)
(d:/Programs/LaTeX/TeXLive/2020/texmf-dist/tex/generic/pgf/frontendlayer/tikz/l
ibraries/tikzlibraryplotmarks.code.tex
File: tikzlibraryplotmarks.code.tex 2020/12/01 v3.1.7a (3.1.7a)

(d:/Programs/LaTeX/TeXLive/2020/texmf-dist/tex/generic/pgf/libraries/pgflibrary
plotmarks.code.tex
File: pgflibraryplotmarks.code.tex 2020/12/01 v3.1.7a (3.1.7a)
)))
(d:/Programs/LaTeX/TeXLive/2020/texmf-dist/tex/latex/tikz-3dplot/tikz-3dplot.st
y
(d:/Programs/LaTeX/TeXLive/2020/texmf-dist/tex/generic/pgf/frontendlayer/tikz/l
ibraries/tikzlibrarycalc.code.tex
File: tikzlibrarycalc.code.tex 2020/12/01 v3.1.7a (3.1.7a)
)
(d:/Programs/LaTeX/TeXLive/2020/texmf-dist/tex/generic/pgf/frontendlayer/tikz/l
ibraries/tikzlibrary3d.code.tex
File: tikzlibrary3d.code.tex 2020/12/01 v3.1.7a (3.1.7a)
)
(d:/Programs/LaTeX/TeXLive/2020/texmf-dist/tex/generic/pgf/frontendlayer/tikz/l
ibraries/tikzlibraryarrows.code.tex
File: tikzlibraryarrows.code.tex 2020/12/01 v3.1.7a (3.1.7a)

(d:/Programs/LaTeX/TeXLive/2020/texmf-dist/tex/generic/pgf/libraries/pgflibrary
arrows.code.tex
File: pgflibraryarrows.code.tex 2020/12/01 v3.1.7a (3.1.7a)
\arrowsize=\dimen327
)))
(d:/Programs/LaTeX/TeXLive/2020/texmf-dist/tex/generic/pgf/frontendlayer/tikz/l
ibraries/tikzlibrarydecorations.text.code.tex
(d:/Programs/LaTeX/TeXLive/2020/texmf-dist/tex/generic/pgf/libraries/decoration
s/pgflibrarydecorations.text.code.tex
\pgf@lib@dec@text@box=\box80
)
\tikz@lib@dec@te@box=\box81
)
(d:/Programs/LaTeX/TeXLive/2020/texmf-dist/tex/generic/pgf/frontendlayer/tikz/l
ibraries/tikzlibrarydecorations.markings.code.tex
(d:/Programs/LaTeX/TeXLive/2020/texmf-dist/tex/generic/pgf/libraries/decoration
s/pgflibrarydecorations.markings.code.tex))
(d:/Programs/LaTeX/TeXLive/2020/texmf-dist/tex/generic/pgf/frontendlayer/tikz/l
ibraries/tikzlibraryintersections.code.tex
(d:/Programs/LaTeX/TeXLive/2020/texmf-dist/tex/generic/pgf/libraries/pgflibrary
intersections.code.tex
\pgf@intersect@solutions=\count345
))
(d:/Programs/LaTeX/TeXLive/2020/texmf-dist/tex/generic/pgf/libraries/pgflibrary
arrows.meta.code.tex
File: pgflibraryarrows.meta.code.tex 2020/12/01 v3.1.7a (3.1.7a)
\pgfarrowinset=\dimen328
\pgfarrowlength=\dimen329
\pgfarrowwidth=\dimen330
\pgfarrowlinewidth=\dimen331
)
(d:/Programs/LaTeX/TeXLive/2020/texmf-dist/tex/generic/pgf/frontendlayer/tikz/l
ibraries/tikzlibraryshapes.code.tex
File: tikzlibraryshapes.code.tex 2020/12/01 v3.1.7a (3.1.7a)

(d:/Programs/LaTeX/TeXLive/2020/texmf-dist/tex/generic/pgf/frontendlayer/tikz/l
ibraries/tikzlibraryshapes.geometric.code.tex
File: tikzlibraryshapes.geometric.code.tex 2020/12/01 v3.1.7a (3.1.7a)

(d:/Programs/LaTeX/TeXLive/2020/texmf-dist/tex/generic/pgf/libraries/shapes/pgf
libraryshapes.geometric.code.tex
File: pgflibraryshapes.geometric.code.tex 2020/12/01 v3.1.7a (3.1.7a)
))
(d:/Programs/LaTeX/TeXLive/2020/texmf-dist/tex/generic/pgf/frontendlayer/tikz/l
ibraries/tikzlibraryshapes.misc.code.tex
File: tikzlibraryshapes.misc.code.tex 2020/12/01 v3.1.7a (3.1.7a)

(d:/Programs/LaTeX/TeXLive/2020/texmf-dist/tex/generic/pgf/libraries/shapes/pgf
libraryshapes.misc.code.tex
File: pgflibraryshapes.misc.code.tex 2020/12/01 v3.1.7a (3.1.7a)
))
(d:/Programs/LaTeX/TeXLive/2020/texmf-dist/tex/generic/pgf/frontendlayer/tikz/l
ibraries/tikzlibraryshapes.symbols.code.tex
File: tikzlibraryshapes.symbols.code.tex 2020/12/01 v3.1.7a (3.1.7a)

(d:/Programs/LaTeX/TeXLive/2020/texmf-dist/tex/generic/pgf/libraries/shapes/pgf
libraryshapes.symbols.code.tex
File: pgflibraryshapes.symbols.code.tex 2020/12/01 v3.1.7a (3.1.7a)
))
(d:/Programs/LaTeX/TeXLive/2020/texmf-dist/tex/generic/pgf/frontendlayer/tikz/l
ibraries/tikzlibraryshapes.arrows.code.tex
File: tikzlibraryshapes.arrows.code.tex 2020/12/01 v3.1.7a (3.1.7a)

(d:/Programs/LaTeX/TeXLive/2020/texmf-dist/tex/generic/pgf/libraries/shapes/pgf
libraryshapes.arrows.code.tex
File: pgflibraryshapes.arrows.code.tex 2020/12/01 v3.1.7a (3.1.7a)
))
(d:/Programs/LaTeX/TeXLive/2020/texmf-dist/tex/generic/pgf/frontendlayer/tikz/l
ibraries/tikzlibraryshapes.callouts.code.tex
(d:/Programs/LaTeX/TeXLive/2020/texmf-dist/tex/generic/pgf/libraries/shapes/pgf
libraryshapes.callouts.code.tex))
(d:/Programs/LaTeX/TeXLive/2020/texmf-dist/tex/generic/pgf/frontendlayer/tikz/l
ibraries/tikzlibraryshapes.multipart.code.tex
File: tikzlibraryshapes.multipart.code.tex 2020/12/01 v3.1.7a (3.1.7a)

(d:/Programs/LaTeX/TeXLive/2020/texmf-dist/tex/generic/pgf/libraries/shapes/pgf
libraryshapes.multipart.code.tex
File: pgflibraryshapes.multipart.code.tex 2020/12/01 v3.1.7a (3.1.7a)
\pgfnodepartlowerbox=\box82
\pgfnodeparttwobox=\box83
\pgfnodepartthreebox=\box84
\pgfnodepartfourbox=\box85
\pgfnodeparttwentybox=\box86
\pgfnodepartnineteenbox=\box87
\pgfnodeparteighteenbox=\box88
\pgfnodepartseventeenbox=\box89
\pgfnodepartsixteenbox=\box90
\pgfnodepartfifteenbox=\box91
\pgfnodepartfourteenbox=\box92
\pgfnodepartthirteenbox=\box93
\pgfnodeparttwelvebox=\box94
\pgfnodepartelevenbox=\box95
\pgfnodeparttenbox=\box96
\pgfnodepartninebox=\box97
\pgfnodeparteightbox=\box98
\pgfnodepartsevenbox=\box99
\pgfnodepartsixbox=\box100
\pgfnodepartfivebox=\box101
)))
(d:/Programs/LaTeX/TeXLive/2020/texmf-dist/tex/generic/pgf/frontendlayer/tikz/l
ibraries/tikzlibraryquotes.code.tex
File: tikzlibraryquotes.code.tex 2020/12/01 v3.1.7a (3.1.7a)
)
(d:/Programs/LaTeX/TeXLive/2020/texmf-dist/tex/generic/pgf/frontendlayer/tikz/l
ibraries/tikzlibraryangles.code.tex
File: tikzlibraryangles.code.tex 2020/12/01 v3.1.7a (3.1.7a)
)
\pgf@layerbox@bg=\box102
\pgf@layerboxsaved@bg=\box103

(d:/Programs/LaTeX/TeXLive/2020/texmf-dist/tex/generic/pgfplots/libs/tikzlibrar
ypgfplots.fillbetween.code.tex
(d:/Programs/LaTeX/TeXLive/2020/texmf-dist/tex/generic/pgfplots/pgfcontrib/tikz
libraryfillbetween.code.tex
(d:/Programs/LaTeX/TeXLive/2020/texmf-dist/tex/generic/pgfplots/pgfcontrib/tikz
librarydecorations.softclip.code.tex
(d:/Programs/LaTeX/TeXLive/2020/texmf-dist/tex/generic/pgfplots/pgfcontrib/pgfl
ibraryfillbetween.code.tex)))
(d:/Programs/LaTeX/TeXLive/2020/texmf-dist/tex/generic/pgfplots/libs/tikzlibrar
ypgfplots.decorations.softclip.code.tex))
(d:/Programs/LaTeX/TeXLive/2020/texmf-dist/tex/generic/pgf/frontendlayer/tikz/l
ibraries/circuits/tikzlibrarycircuits.ee.IEC.code.tex
(d:/Programs/LaTeX/TeXLive/2020/texmf-dist/tex/generic/pgf/frontendlayer/tikz/l
ibraries/circuits/tikzlibrarycircuits.ee.code.tex
(d:/Programs/LaTeX/TeXLive/2020/texmf-dist/tex/generic/pgf/frontendlayer/tikz/l
ibraries/circuits/tikzlibrarycircuits.code.tex
\tikz@lib@circ@count=\count346
\tikzcircuitssizeunit=\dimen332
)
(d:/Programs/LaTeX/TeXLive/2020/texmf-dist/tex/generic/pgf/libraries/shapes/cir
cuits/pgflibraryshapes.gates.ee.code.tex))
(d:/Programs/LaTeX/TeXLive/2020/texmf-dist/tex/generic/pgf/libraries/shapes/cir
cuits/pgflibraryshapes.gates.ee.IEC.code.tex))
(d:/Programs/LaTeX/TeXLive/2020/texmf-dist/tex/generic/pgf/frontendlayer/tikz/l
ibraries/tikzlibrarypatterns.code.tex
File: tikzlibrarypatterns.code.tex 2020/12/01 v3.1.7a (3.1.7a)

(d:/Programs/LaTeX/TeXLive/2020/texmf-dist/tex/generic/pgf/libraries/pgflibrary
patterns.code.tex
File: pgflibrarypatterns.code.tex 2020/12/01 v3.1.7a (3.1.7a)
))
\@spase=\skip84
\length@titlemark=\skip85
\@sectoctitle@len=\skip86
\@chaptoclabel@len=\skip87
\@sectiontitlemark@box=\skip88
\thesubsection@len=\skip89

(d:/Programs/LaTeX/TeXLive/2020/texmf-dist/tex/latex/enumitem/enumitem.sty
Package: enumitem 2019/06/20 v3.9 Customized lists
\labelindent=\skip90
\enit@outerparindent=\dimen333
\enit@toks=\toks51
\enit@inbox=\box104
\enit@count@id=\count347
\enitdp@description=\count348
)
\bibitemsep=\skip91
\bibparskip=\skip92

(d:/Programs/LaTeX/TeXLive/2020/texmf-dist/tex/latex/hyperref/hyperref.sty
Package: hyperref 2020-05-15 v7.00e Hypertext links for LaTeX

(d:/Programs/LaTeX/TeXLive/2020/texmf-dist/tex/generic/kvdefinekeys/kvdefinekey
s.sty
Package: kvdefinekeys 2019-12-19 v1.6 Define keys (HO)
) (d:/Programs/LaTeX/TeXLive/2020/texmf-dist/tex/latex/hycolor/hycolor.sty
Package: hycolor 2020-01-27 v1.10 Color options for hyperref/bookmark (HO)
)
(d:/Programs/LaTeX/TeXLive/2020/texmf-dist/tex/latex/letltxmacro/letltxmacro.st
y
Package: letltxmacro 2019/12/03 v1.6 Let assignment for LaTeX macros (HO)
) (d:/Programs/LaTeX/TeXLive/2020/texmf-dist/tex/latex/auxhook/auxhook.sty
Package: auxhook 2019-12-17 v1.6 Hooks for auxiliary files (HO)
)
\@linkdim=\dimen334
\Hy@linkcounter=\count349
\Hy@pagecounter=\count350

(d:/Programs/LaTeX/TeXLive/2020/texmf-dist/tex/latex/hyperref/pd1enc.def
File: pd1enc.def 2020-05-15 v7.00e Hyperref: PDFDocEncoding definition (HO)
Now handling font encoding PD1 ...
... no UTF-8 mapping file for font encoding PD1
)
(d:/Programs/LaTeX/TeXLive/2020/texmf-dist/tex/generic/intcalc/intcalc.sty
Package: intcalc 2019/12/15 v1.3 Expandable calculations with integers (HO)
)
(d:/Programs/LaTeX/TeXLive/2020/texmf-dist/tex/generic/etexcmds/etexcmds.sty
Package: etexcmds 2019/12/15 v1.7 Avoid name clashes with e-TeX commands (HO)
)
\Hy@SavedSpaceFactor=\count351
Package hyperref Info: Option `unicode' set `true' on input line 3427.

(d:/Programs/LaTeX/TeXLive/2020/texmf-dist/tex/latex/hyperref/puenc.def
File: puenc.def 2020-05-15 v7.00e Hyperref: PDF Unicode definition (HO)
Now handling font encoding PU ...
... no UTF-8 mapping file for font encoding PU
)
Package hyperref Info: Option `colorlinks' set `true' on input line 4338.
Package hyperref Info: Option `bookmarks' set `true' on input line 4338.
Package hyperref Info: Option `bookmarksnumbered' set `true' on input line 4338
.
Package hyperref Info: Option `unicode' set `true' on input line 4338.
Package hyperref Info: Option `linktocpage' set `true' on input line 4338.
Package hyperref Info: Option `hypertexnames' set `false' on input line 4338.
Package hyperref Info: Option `pdftoolbar' set `false' on input line 4338.
Package hyperref Info: Option `pdfdisplaydoctitle' set `true' on input line 433
8.
Package hyperref Info: Option `unicode' set `true' on input line 4338.
Package hyperref Info: Hyper figures OFF on input line 4464.
Package hyperref Info: Link nesting OFF on input line 4469.
Package hyperref Info: Hyper index ON on input line 4472.
Package hyperref Info: Plain pages OFF on input line 4479.
Package hyperref Info: Backreferencing OFF on input line 4484.
Package hyperref Info: Implicit mode ON; LaTeX internals redefined.
Package hyperref Info: Bookmarks ON on input line 4717.
\c@Hy@tempcnt=\count352

(d:/Programs/LaTeX/TeXLive/2020/texmf-dist/tex/latex/url/url.sty
\Urlmuskip=\muskip17
Package: url 2013/09/16  ver 3.4  Verb mode for urls, etc.
)
LaTeX Info: Redefining \url on input line 5076.
\XeTeXLinkMargin=\dimen335

(d:/Programs/LaTeX/TeXLive/2020/texmf-dist/tex/generic/bitset/bitset.sty
Package: bitset 2019/12/09 v1.3 Handle bit-vector datatype (HO)

(d:/Programs/LaTeX/TeXLive/2020/texmf-dist/tex/generic/bigintcalc/bigintcalc.st
y
Package: bigintcalc 2019/12/15 v1.5 Expandable calculations on big integers (HO
)
))
\Fld@menulength=\count353
\Field@Width=\dimen336
\Fld@charsize=\dimen337
Package hyperref Info: Hyper figures OFF on input line 6347.
Package hyperref Info: Link nesting OFF on input line 6352.
Package hyperref Info: Hyper index ON on input line 6355.
Package hyperref Info: backreferencing OFF on input line 6362.
Package hyperref Info: Link coloring ON on input line 6365.
Package hyperref Info: Link coloring with OCG OFF on input line 6372.
Package hyperref Info: PDF/A mode OFF on input line 6377.
LaTeX Info: Redefining \ref on input line 6417.
LaTeX Info: Redefining \pageref on input line 6421.
 (d:/Programs/LaTeX/TeXLive/2020/texmf-dist/tex/latex/base/atbegshi-ltx.sty
Package: atbegshi-ltx 2020/08/17 v1.0a Emulation of the original atbegshi packa
ge
with kernel methods
)
\Hy@abspage=\count354
\c@Item=\count355
\c@Hfootnote=\count356
)
Package hyperref Info: Driver (autodetected): hpdftex.
 (d:/Programs/LaTeX/TeXLive/2020/texmf-dist/tex/latex/hyperref/hpdftex.def
File: hpdftex.def 2020-05-15 v7.00e Hyperref driver for pdfTeX

(d:/Programs/LaTeX/TeXLive/2020/texmf-dist/tex/latex/base/atveryend-ltx.sty
Package: atveryend-ltx 2020/08/19 v1.0a Emulation of the original atvery packag
e
with kernel methods
)
\Fld@listcount=\count357
\c@bookmark@seq@number=\count358

(d:/Programs/LaTeX/TeXLive/2020/texmf-dist/tex/latex/rerunfilecheck/rerunfilech
eck.sty
Package: rerunfilecheck 2019/12/05 v1.9 Rerun checks for auxiliary files (HO)

(d:/Programs/LaTeX/TeXLive/2020/texmf-dist/tex/generic/uniquecounter/uniquecoun
ter.sty
Package: uniquecounter 2019/12/15 v1.4 Provide unlimited unique counter (HO)
)
Package uniquecounter Info: New unique counter `rerunfilecheck' on input line 2
86.
)
\Hy@SectionHShift=\skip93
)
(d:/Programs/LaTeX/TeXLive/2020/texmf-dist/tex/latex/oberdiek/hypcap.sty
Package: hypcap 2016/05/16 v1.12 Adjusting the anchors of captions (HO)
)
\c@tcb@cnt@Theory=\count359

(d:/Programs/LaTeX/TeXLive/2020/texmf-dist/tex/latex/ntheorem/ntheorem.sty
Style `ntheorem', Version 1.33 <2011/08/15>
Package: ntheorem 2011/08/15 1.33
\theorem@style=\toks52
\theorem@@style=\toks53
\theorembodyfont=\toks54
\theoremnumbering=\toks55
\theorempreskipamount=\skip94
\theorempostskipamount=\skip95
\theoremframepreskipamount=\skip96
\theoremframepostskipamount=\skip97
\theoreminframepreskipamount=\skip98
\theoreminframepostskipamount=\skip99
\theorem@preskip=\toks56
\theorem@postskip=\toks57
\theorem@framepreskip=\toks58
\theorem@framepostskip=\toks59
\theorem@inframepreskip=\toks60
\theorem@inframepostskip=\toks61
\theoremindent=\dimen338
\theorem@indent=\dimen339
\theoremrightindent=\dimen340
\theorem@rightindent=\dimen341
\theoremheaderfont=\toks62
\theoremseparator=\toks63
\theoremprework=\toks64
\theorempostwork=\toks65
\theoremsymbol=\toks66
\qedsymbol=\toks67
\theoremkeyword=\toks68
\qedsymbol=\toks69
\thm@topsep=\skip100
\thm@topsepadd=\skip101
) (d:/Programs/LaTeX/TeXLive/2020/texmf-dist/tex/latex/answers/answers.sty
Package: answers 2014/08/24 v2.16 Production of solution sheets in LaTeX2e
)
(d:/Programs/LaTeX/TeXLive/2020/texmf-dist/tex/latex/xassoccnt/xassoccnt.sty
Package: xassoccnt 2020/07/19 - v1.8
\g__xassoccnt_tmpa_int=\count360
\l__xassoccnt_tmpa_int=\count361
\l__xassoccnt_initialcountervalue_int=\count362
\g__xassoccnt_lastcountervalue_int=\count363
\g__xassoccnt_backupcalls_int=\count364
\l__xassoccnt_backuptmpa_int=\count365
\l_xassoccnt_resetlist_counter=\count366
)
Package xassoccnt Info: 2020/07/19-v1.8--steppingcounterssimultaneouslyandother
features on input line 886.


Package xassoccnt Warning: Warning: Package "calc" is loaded -- this is not
(xassoccnt)                recommended for xassoccnt
(xassoccnt)                

\c@totalproblems=\count367
\c@xassoccnt@total@totalproblems=\count368
\c@problem=\count369
\c@Solution=\count370
)
! Emergency stop.
<*> ProblemBook.cls
                   
*** (job aborted, no legal \end found)

 
Here is how much of TeX's memory you used:
 49036 strings out of 479527
 1158150 string characters out of 5872066
 1674338 words of memory out of 5000000
 65291 multiletter control sequences out of 15000+600000
 404496 words of font info for 29 fonts, out of 8000000 for 9000
 1103 hyphenation exceptions out of 8191
 95i,1n,100p,762b,609s stack positions out of 5000i,500n,10000p,200000b,80000s
!  ==> Fatal error occurred, no output PDF file produced!
