This is pdfTeX, Version 3.14159265-2.6-1.40.21 (TeX Live 2020/W32TeX) (preloaded format=pdflatex 2020.12.1)  2 DEC 2020 19:55
entering extended mode
 \write18 enabled.
 %&-line parsing enabled.
**bileti.tex
(./bileti.tex
LaTeX2e <2020-10-01> patch level 2
L3 programming layer <2020-10-27> xparse <2020-03-03>
(d:/Programs/LaTeX/TeXLive/2020/texmf-dist/tex/latex/extsizes/extbook.cls
Document Class: extbook 1999/01/07 v1.4a NON-Standard LaTeX document class
(d:/Programs/LaTeX/TeXLive/2020/texmf-dist/tex/latex/extsizes/size14.clo
File: size14.clo 1999/11/11 v1.4a NON-Standard LaTeX file (size option)
)
(d:/Programs/LaTeX/TeXLive/2020/texmf-dist/tex/latex/base/exscale.sty
Package: exscale 2018/09/24 v2.1i Standard LaTeX package exscale
LaTeX Font Info:    Redeclaring symbol font `largesymbols' on input line 57.
LaTeX Font Info:    Overwriting symbol font `largesymbols' in version `normal'
(Font)                  OMX/cmex/m/n --> OMX/cmex/m/n on input line 57.
LaTeX Font Info:    Overwriting symbol font `largesymbols' in version `bold'
(Font)                  OMX/cmex/m/n --> OMX/cmex/m/n on input line 57.
\big@size=\dimen138
)
\c@part=\count175
\c@chapter=\count176
\c@section=\count177
\c@subsection=\count178
\c@subsubsection=\count179
\c@paragraph=\count180
\c@subparagraph=\count181
\c@figure=\count182
\c@table=\count183
\abovecaptionskip=\skip47
\belowcaptionskip=\skip48
\bibindent=\dimen139
)
(d:/Programs/LaTeX/TeXLive/2020/texmf-dist/tex/latex/base/inputenc.sty
Package: inputenc 2020/08/01 v1.3d Input encoding file
\inpenc@prehook=\toks15
\inpenc@posthook=\toks16
)
(d:/Programs/LaTeX/TeXLive/2020/texmf-dist/tex/latex/base/fontenc.sty
Package: fontenc 2020/08/10 v2.0s Standard LaTeX package

(d:/Programs/LaTeX/TeXLive/2020/texmf-dist/tex/latex/cyrillic/t2aenc.def
File: t2aenc.def 2005/09/27 v1.0i Cyrillic encoding definition file
Now handling font encoding T2A ...
... processing UTF-8 mapping file for font encoding T2A

(d:/Programs/LaTeX/TeXLive/2020/texmf-dist/tex/latex/base/t2aenc.dfu
File: t2aenc.dfu 2019/11/14 v1.2k UTF-8 support for inputenc
   defining Unicode char U+00A4 (decimal 164)
   defining Unicode char U+00A7 (decimal 167)
   defining Unicode char U+00AB (decimal 171)
   defining Unicode char U+00BB (decimal 187)
   defining Unicode char U+0131 (decimal 305)
   defining Unicode char U+0237 (decimal 567)
   defining Unicode char U+0400 (decimal 1024)
   defining Unicode char U+0401 (decimal 1025)
   defining Unicode char U+0402 (decimal 1026)
   defining Unicode char U+0403 (decimal 1027)
   defining Unicode char U+0404 (decimal 1028)
   defining Unicode char U+0405 (decimal 1029)
   defining Unicode char U+0406 (decimal 1030)
   defining Unicode char U+0407 (decimal 1031)
   defining Unicode char U+0408 (decimal 1032)
   defining Unicode char U+0409 (decimal 1033)
   defining Unicode char U+040A (decimal 1034)
   defining Unicode char U+040B (decimal 1035)
   defining Unicode char U+040C (decimal 1036)
   defining Unicode char U+040D (decimal 1037)
   defining Unicode char U+040E (decimal 1038)
   defining Unicode char U+040F (decimal 1039)
   defining Unicode char U+0410 (decimal 1040)
   defining Unicode char U+0411 (decimal 1041)
   defining Unicode char U+0412 (decimal 1042)
   defining Unicode char U+0413 (decimal 1043)
   defining Unicode char U+0414 (decimal 1044)
   defining Unicode char U+0415 (decimal 1045)
   defining Unicode char U+0416 (decimal 1046)
   defining Unicode char U+0417 (decimal 1047)
   defining Unicode char U+0418 (decimal 1048)
   defining Unicode char U+0419 (decimal 1049)
   defining Unicode char U+041A (decimal 1050)
   defining Unicode char U+041B (decimal 1051)
   defining Unicode char U+041C (decimal 1052)
   defining Unicode char U+041D (decimal 1053)
   defining Unicode char U+041E (decimal 1054)
   defining Unicode char U+041F (decimal 1055)
   defining Unicode char U+0420 (decimal 1056)
   defining Unicode char U+0421 (decimal 1057)
   defining Unicode char U+0422 (decimal 1058)
   defining Unicode char U+0423 (decimal 1059)
   defining Unicode char U+0424 (decimal 1060)
   defining Unicode char U+0425 (decimal 1061)
   defining Unicode char U+0426 (decimal 1062)
   defining Unicode char U+0427 (decimal 1063)
   defining Unicode char U+0428 (decimal 1064)
   defining Unicode char U+0429 (decimal 1065)
   defining Unicode char U+042A (decimal 1066)
   defining Unicode char U+042B (decimal 1067)
   defining Unicode char U+042C (decimal 1068)
   defining Unicode char U+042D (decimal 1069)
   defining Unicode char U+042E (decimal 1070)
   defining Unicode char U+042F (decimal 1071)
   defining Unicode char U+0430 (decimal 1072)
   defining Unicode char U+0431 (decimal 1073)
   defining Unicode char U+0432 (decimal 1074)
   defining Unicode char U+0433 (decimal 1075)
   defining Unicode char U+0434 (decimal 1076)
   defining Unicode char U+0435 (decimal 1077)
   defining Unicode char U+0436 (decimal 1078)
   defining Unicode char U+0437 (decimal 1079)
   defining Unicode char U+0438 (decimal 1080)
   defining Unicode char U+0439 (decimal 1081)
   defining Unicode char U+043A (decimal 1082)
   defining Unicode char U+043B (decimal 1083)
   defining Unicode char U+043C (decimal 1084)
   defining Unicode char U+043D (decimal 1085)
   defining Unicode char U+043E (decimal 1086)
   defining Unicode char U+043F (decimal 1087)
   defining Unicode char U+0440 (decimal 1088)
   defining Unicode char U+0441 (decimal 1089)
   defining Unicode char U+0442 (decimal 1090)
   defining Unicode char U+0443 (decimal 1091)
   defining Unicode char U+0444 (decimal 1092)
   defining Unicode char U+0445 (decimal 1093)
   defining Unicode char U+0446 (decimal 1094)
   defining Unicode char U+0447 (decimal 1095)
   defining Unicode char U+0448 (decimal 1096)
   defining Unicode char U+0449 (decimal 1097)
   defining Unicode char U+044A (decimal 1098)
   defining Unicode char U+044B (decimal 1099)
   defining Unicode char U+044C (decimal 1100)
   defining Unicode char U+044D (decimal 1101)
   defining Unicode char U+044E (decimal 1102)
   defining Unicode char U+044F (decimal 1103)
   defining Unicode char U+0450 (decimal 1104)
   defining Unicode char U+0451 (decimal 1105)
   defining Unicode char U+0452 (decimal 1106)
   defining Unicode char U+0453 (decimal 1107)
   defining Unicode char U+0454 (decimal 1108)
   defining Unicode char U+0455 (decimal 1109)
   defining Unicode char U+0456 (decimal 1110)
   defining Unicode char U+0457 (decimal 1111)
   defining Unicode char U+0458 (decimal 1112)
   defining Unicode char U+0459 (decimal 1113)
   defining Unicode char U+045A (decimal 1114)
   defining Unicode char U+045B (decimal 1115)
   defining Unicode char U+045C (decimal 1116)
   defining Unicode char U+045D (decimal 1117)
   defining Unicode char U+045E (decimal 1118)
   defining Unicode char U+045F (decimal 1119)
   defining Unicode char U+0490 (decimal 1168)
   defining Unicode char U+0491 (decimal 1169)
   defining Unicode char U+0492 (decimal 1170)
   defining Unicode char U+0493 (decimal 1171)
   defining Unicode char U+0496 (decimal 1174)
   defining Unicode char U+0497 (decimal 1175)
   defining Unicode char U+0498 (decimal 1176)
   defining Unicode char U+0499 (decimal 1177)
   defining Unicode char U+049A (decimal 1178)
   defining Unicode char U+049B (decimal 1179)
   defining Unicode char U+049C (decimal 1180)
   defining Unicode char U+049D (decimal 1181)
   defining Unicode char U+04A0 (decimal 1184)
   defining Unicode char U+04A1 (decimal 1185)
   defining Unicode char U+04A2 (decimal 1186)
   defining Unicode char U+04A3 (decimal 1187)
   defining Unicode char U+04A4 (decimal 1188)
   defining Unicode char U+04A5 (decimal 1189)
   defining Unicode char U+04AA (decimal 1194)
   defining Unicode char U+04AB (decimal 1195)
   defining Unicode char U+04AE (decimal 1198)
   defining Unicode char U+04AF (decimal 1199)
   defining Unicode char U+04B0 (decimal 1200)
   defining Unicode char U+04B1 (decimal 1201)
   defining Unicode char U+04B2 (decimal 1202)
   defining Unicode char U+04B3 (decimal 1203)
   defining Unicode char U+04B6 (decimal 1206)
   defining Unicode char U+04B7 (decimal 1207)
   defining Unicode char U+04B8 (decimal 1208)
   defining Unicode char U+04B9 (decimal 1209)
   defining Unicode char U+04BA (decimal 1210)
   defining Unicode char U+04BB (decimal 1211)
   defining Unicode char U+04C0 (decimal 1216)
   defining Unicode char U+04C1 (decimal 1217)
   defining Unicode char U+04C2 (decimal 1218)
   defining Unicode char U+04D0 (decimal 1232)
   defining Unicode char U+04D1 (decimal 1233)
   defining Unicode char U+04D2 (decimal 1234)
   defining Unicode char U+04D3 (decimal 1235)
   defining Unicode char U+04D4 (decimal 1236)
   defining Unicode char U+04D5 (decimal 1237)
   defining Unicode char U+04D6 (decimal 1238)
   defining Unicode char U+04D7 (decimal 1239)
   defining Unicode char U+04D8 (decimal 1240)
   defining Unicode char U+04D9 (decimal 1241)
   defining Unicode char U+04DA (decimal 1242)
   defining Unicode char U+04DB (decimal 1243)
   defining Unicode char U+04DC (decimal 1244)
   defining Unicode char U+04DD (decimal 1245)
   defining Unicode char U+04DE (decimal 1246)
   defining Unicode char U+04DF (decimal 1247)
   defining Unicode char U+04E2 (decimal 1250)
   defining Unicode char U+04E3 (decimal 1251)
   defining Unicode char U+04E4 (decimal 1252)
   defining Unicode char U+04E5 (decimal 1253)
   defining Unicode char U+04E6 (decimal 1254)
   defining Unicode char U+04E7 (decimal 1255)
   defining Unicode char U+04E8 (decimal 1256)
   defining Unicode char U+04E9 (decimal 1257)
   defining Unicode char U+04EC (decimal 1260)
   defining Unicode char U+04ED (decimal 1261)
   defining Unicode char U+04EE (decimal 1262)
   defining Unicode char U+04EF (decimal 1263)
   defining Unicode char U+04F0 (decimal 1264)
   defining Unicode char U+04F1 (decimal 1265)
   defining Unicode char U+04F2 (decimal 1266)
   defining Unicode char U+04F3 (decimal 1267)
   defining Unicode char U+04F4 (decimal 1268)
   defining Unicode char U+04F5 (decimal 1269)
   defining Unicode char U+04F8 (decimal 1272)
   defining Unicode char U+04F9 (decimal 1273)
   defining Unicode char U+200C (decimal 8204)
   defining Unicode char U+2013 (decimal 8211)
   defining Unicode char U+2014 (decimal 8212)
   defining Unicode char U+2018 (decimal 8216)
   defining Unicode char U+2019 (decimal 8217)
   defining Unicode char U+201C (decimal 8220)
   defining Unicode char U+201D (decimal 8221)
   defining Unicode char U+201E (decimal 8222)
   defining Unicode char U+2030 (decimal 8240)
   defining Unicode char U+2031 (decimal 8241)
   defining Unicode char U+2116 (decimal 8470)
   defining Unicode char U+2329 (decimal 9001)
   defining Unicode char U+232A (decimal 9002)
   defining Unicode char U+2423 (decimal 9251)
   defining Unicode char U+27E8 (decimal 10216)
   defining Unicode char U+27E9 (decimal 10217)
   defining Unicode char U+FB00 (decimal 64256)
   defining Unicode char U+FB01 (decimal 64257)
   defining Unicode char U+FB02 (decimal 64258)
   defining Unicode char U+FB03 (decimal 64259)
   defining Unicode char U+FB04 (decimal 64260)
   defining Unicode char U+FB05 (decimal 64261)
   defining Unicode char U+FB06 (decimal 64262)
)))
(d:/Programs/LaTeX/TeXLive/2020/texmf-dist/tex/generic/babel/babel.sty
Package: babel 2020/10/27 3.51 The Babel package

(d:/Programs/LaTeX/TeXLive/2020/texmf-dist/tex/generic/babel/babel.def
File: babel.def 2020/10/27 3.51 Babel common definitions
\babel@savecnt=\count184
\U@D=\dimen140
\l@babelnohyphens=\language74

(d:/Programs/LaTeX/TeXLive/2020/texmf-dist/tex/generic/babel/txtbabel.def)
\bbl@readstream=\read2
)
\bbl@dirlevel=\count185

(d:/Programs/LaTeX/TeXLive/2020/texmf-dist/tex/generic/babel-ukrainian/ukraineb
.ldf
File: ukraineb.ldf 2020/10/14 1.4e Ukrainian support for the Babel system
Package babel Info: Making " an active character on input line 97.
Package babel Info: Default for \cyrdash is provided on input line 142.
))
(d:/Programs/LaTeX/TeXLive/2020/texmf-dist/tex/latex/tools/indentfirst.sty
Package: indentfirst 1995/11/23 v1.03 Indent first paragraph (DPC)
)
(d:/Programs/LaTeX/TeXLive/2020/texmf-dist/tex/latex/t2/misccorr.sty
Package: misccorr 1999/09/23 v0.1 misc corrections for russian typesetting

(d:/Programs/LaTeX/TeXLive/2020/texmf-dist/tex/latex/amsfonts/amssymb.sty
Package: amssymb 2013/01/14 v3.01 AMS font symbols

(d:/Programs/LaTeX/TeXLive/2020/texmf-dist/tex/latex/amsfonts/amsfonts.sty
Package: amsfonts 2013/01/14 v3.01 Basic AMSFonts support
\@emptytoks=\toks17
\symAMSa=\mathgroup4
\symAMSb=\mathgroup5
LaTeX Font Info:    Redeclaring math symbol \hbar on input line 98.
LaTeX Font Info:    Overwriting math alphabet `\mathfrak' in version `bold'
(Font)                  U/euf/m/n --> U/euf/b/n on input line 106.
))
(d:/Programs/LaTeX/TeXLive/2020/texmf-dist/tex/latex/tools/enumerate.sty
Package: enumerate 2015/07/23 v3.00 enumerate extensions (DPC)
\@enLab=\toks18
)
\c@rlistctr=\count186
)
(d:/Programs/LaTeX/TeXLive/2020/texmf-dist/tex/latex/cmap/cmap.sty
Package: cmap 2008/03/06 v1.0h CMap support: searchable PDF


Package cmap Warning: fontenc already loaded - some fonts may be unprocessed.

) (d:/Programs/LaTeX/TeXLive/2020/texmf-dist/tex/latex/geometry/geometry.sty
Package: geometry 2020/01/02 v5.9 Page Geometry

(d:/Programs/LaTeX/TeXLive/2020/texmf-dist/tex/latex/graphics/keyval.sty
Package: keyval 2014/10/28 v1.15 key=value parser (DPC)
\KV@toks@=\toks19
)
(d:/Programs/LaTeX/TeXLive/2020/texmf-dist/tex/generic/iftex/ifvtex.sty
Package: ifvtex 2019/10/25 v1.7 ifvtex legacy package. Use iftex instead.

(d:/Programs/LaTeX/TeXLive/2020/texmf-dist/tex/generic/iftex/iftex.sty
Package: iftex 2020/03/06 v1.0d TeX engine tests
))
\Gm@cnth=\count187
\Gm@cntv=\count188
\c@Gm@tempcnt=\count189
\Gm@bindingoffset=\dimen141
\Gm@wd@mp=\dimen142
\Gm@odd@mp=\dimen143
\Gm@even@mp=\dimen144
\Gm@layoutwidth=\dimen145
\Gm@layoutheight=\dimen146
\Gm@layouthoffset=\dimen147
\Gm@layoutvoffset=\dimen148
\Gm@dimlist=\toks20
)
(d:/Programs/LaTeX/TeXLive/2020/texmf-dist/tex/latex/mhchem/mhchem.sty
Package: mhchem 2018/06/22 v4.08 for typesetting chemical formulae

(d:/Programs/LaTeX/TeXLive/2020/texmf-dist/tex/latex/l3kernel/expl3.sty
Package: expl3 2020-10-27 L3 programming layer (loader) 

(d:/Programs/LaTeX/TeXLive/2020/texmf-dist/tex/latex/l3backend/l3backend-pdftex
.def
File: l3backend-pdftex.def 2020-09-24 L3 backend support: PDF output (pdfTeX)
\l__kernel_color_stack_int=\count190
\l__pdf_internal_box=\box47
))
(d:/Programs/LaTeX/TeXLive/2020/texmf-dist/tex/latex/l3packages/l3keys2e/l3keys
2e.sty
Package: l3keys2e 2020-10-27 LaTeX2e option processing using LaTeX3 keys
) (d:/Programs/LaTeX/TeXLive/2020/texmf-dist/tex/latex/tools/calc.sty
Package: calc 2017/05/25 v4.3 Infix arithmetic (KKT,FJ)
\calc@Acount=\count191
\calc@Bcount=\count192
\calc@Adimen=\dimen149
\calc@Bdimen=\dimen150
\calc@Askip=\skip49
\calc@Bskip=\skip50
LaTeX Info: Redefining \setlength on input line 80.
LaTeX Info: Redefining \addtolength on input line 81.
\calc@Ccount=\count193
\calc@Cskip=\skip51
)
(d:/Programs/LaTeX/TeXLive/2020/texmf-dist/tex/latex/amsmath/amsmath.sty
Package: amsmath 2020/09/23 v2.17i AMS math features
\@mathmargin=\skip52

For additional information on amsmath, use the `?' option.
(d:/Programs/LaTeX/TeXLive/2020/texmf-dist/tex/latex/amsmath/amstext.sty
Package: amstext 2000/06/29 v2.01 AMS text

(d:/Programs/LaTeX/TeXLive/2020/texmf-dist/tex/latex/amsmath/amsgen.sty
File: amsgen.sty 1999/11/30 v2.0 generic functions
\@emptytoks=\toks21
\ex@=\dimen151
))
(d:/Programs/LaTeX/TeXLive/2020/texmf-dist/tex/latex/amsmath/amsbsy.sty
Package: amsbsy 1999/11/29 v1.2d Bold Symbols
\pmbraise@=\dimen152
)
(d:/Programs/LaTeX/TeXLive/2020/texmf-dist/tex/latex/amsmath/amsopn.sty
Package: amsopn 2016/03/08 v2.02 operator names
)
\inf@bad=\count194
LaTeX Info: Redefining \frac on input line 234.
\uproot@=\count195
\leftroot@=\count196
LaTeX Info: Redefining \overline on input line 399.
\classnum@=\count197
\DOTSCASE@=\count198
LaTeX Info: Redefining \ldots on input line 496.
LaTeX Info: Redefining \dots on input line 499.
LaTeX Info: Redefining \cdots on input line 620.
\Mathstrutbox@=\box48
\strutbox@=\box49
\big@size=\dimen153
LaTeX Font Info:    Redeclaring font encoding OML on input line 743.
LaTeX Font Info:    Redeclaring font encoding OMS on input line 744.
\macc@depth=\count199
\c@MaxMatrixCols=\count266
\dotsspace@=\muskip16
\c@parentequation=\count267
\dspbrk@lvl=\count268
\tag@help=\toks22
\row@=\count269
\column@=\count270
\maxfields@=\count271
\andhelp@=\toks23
\eqnshift@=\dimen154
\alignsep@=\dimen155
\tagshift@=\dimen156
\tagwidth@=\dimen157
\totwidth@=\dimen158
\lineht@=\dimen159
\@envbody=\toks24
\multlinegap=\skip53
\multlinetaggap=\skip54
\mathdisplay@stack=\toks25
LaTeX Info: Redefining \[ on input line 2923.
LaTeX Info: Redefining \] on input line 2924.
)
(d:/Programs/LaTeX/TeXLive/2020/texmf-dist/tex/latex/chemgreek/chemgreek.sty
(d:/Programs/LaTeX/TeXLive/2020/texmf-dist/tex/latex/l3packages/xparse/xparse.s
ty
Package: xparse 2020-10-27 L3 Experimental document command parser

(d:/Programs/LaTeX/TeXLive/2020/texmf-dist/tex/latex/l3packages/xparse/xparse-g
eneric.tex))
Package: chemgreek 2020/01/16 v1.1a interface for upright Greek letters for use
 in chemistry (CN)
\l__chemgreek_tmpa_int=\count272
\g__chemgreek_tmpa_int=\count273
)
(d:/Programs/LaTeX/TeXLive/2020/texmf-dist/tex/latex/graphics/graphics.sty
Package: graphics 2020/08/30 v1.4c Standard LaTeX Graphics (DPC,SPQR)

(d:/Programs/LaTeX/TeXLive/2020/texmf-dist/tex/latex/graphics/trig.sty
Package: trig 2016/01/03 v1.10 sin cos tan (DPC)
)
(d:/Programs/LaTeX/TeXLive/2020/texmf-dist/tex/latex/graphics-cfg/graphics.cfg
File: graphics.cfg 2016/06/04 v1.11 sample graphics configuration
)
Package graphics Info: Driver file: pdftex.def on input line 105.
(d:/Programs/LaTeX/TeXLive/2020/texmf-dist/tex/latex/graphics-def/pdftex.def
File: pdftex.def 2020/10/05 v1.2a Graphics/color driver for pdftex
))
\l__mhchem_ce_distanceFromLastComma_int=\count274
\__mhchem_arrow_extPgfLength_skip=\skip55
\mhchem@minispace@tmp=\skip56
\mhchem@minibackspace@tmp=\skip57
\mhchem@bondwidth=\skip58
\mhchem@bondheight=\skip59
\mhchem@smallbondwidth@tmpA=\skip60
\mhchem@smallbondwidth@tmpB=\skip61
\mhchem@smallbondwidth=\skip62
\mhchem@bondtmp@minussidebearingleft=\skip63
\mhchem@bondtmp@minussidebearingright=\skip64
\l__mhchem_option_version_int=\count275
\mhchem@option@minusmathsidebearingleft=\dimen160
\mhchem@option@minusmathsidebearingright=\dimen161
\mhchem@option@minustextsidebearingleft=\dimen162
\mhchem@option@minustextsidebearingright=\dimen163
) (d:/Programs/LaTeX/TeXLive/2020/texmf-dist/tex/latex/psnfss/pifont.sty
Package: pifont 2020/03/25 PSNFSS-v9.3 Pi font support (SPQR) 
LaTeX Font Info:    Trying to load font information for U+pzd on input line 63.


(d:/Programs/LaTeX/TeXLive/2020/texmf-dist/tex/latex/psnfss/upzd.fd
File: upzd.fd 2001/06/04 font definitions for U/pzd.
)
LaTeX Font Info:    Trying to load font information for U+psy on input line 64.


(d:/Programs/LaTeX/TeXLive/2020/texmf-dist/tex/latex/psnfss/upsy.fd
File: upsy.fd 2001/06/04 font definitions for U/psy.
))
(d:/Programs/LaTeX/TeXLive/2020/texmf-dist/tex/latex/tcolorbox/tcolorbox.sty
Package: tcolorbox 2020/10/09 version 4.42 text color boxes

(d:/Programs/LaTeX/TeXLive/2020/texmf-dist/tex/latex/pgf/basiclayer/pgf.sty
(d:/Programs/LaTeX/TeXLive/2020/texmf-dist/tex/latex/pgf/utilities/pgfrcs.sty
(d:/Programs/LaTeX/TeXLive/2020/texmf-dist/tex/generic/pgf/utilities/pgfutil-co
mmon.tex
\pgfutil@everybye=\toks26
\pgfutil@tempdima=\dimen164
\pgfutil@tempdimb=\dimen165

(d:/Programs/LaTeX/TeXLive/2020/texmf-dist/tex/generic/pgf/utilities/pgfutil-co
mmon-lists.tex))
(d:/Programs/LaTeX/TeXLive/2020/texmf-dist/tex/generic/pgf/utilities/pgfutil-la
tex.def
\pgfutil@abb=\box50
)
(d:/Programs/LaTeX/TeXLive/2020/texmf-dist/tex/generic/pgf/utilities/pgfrcs.cod
e.tex
(d:/Programs/LaTeX/TeXLive/2020/texmf-dist/tex/generic/pgf/pgf.revision.tex)
Package: pgfrcs 2020/11/23 v3.1.7 (3.1.7)
))
Package: pgf 2020/11/23 v3.1.7 (3.1.7)

(d:/Programs/LaTeX/TeXLive/2020/texmf-dist/tex/latex/pgf/basiclayer/pgfcore.sty
(d:/Programs/LaTeX/TeXLive/2020/texmf-dist/tex/latex/graphics/graphicx.sty
Package: graphicx 2020/09/09 v1.2b Enhanced LaTeX Graphics (DPC,SPQR)
\Gin@req@height=\dimen166
\Gin@req@width=\dimen167
)
(d:/Programs/LaTeX/TeXLive/2020/texmf-dist/tex/latex/pgf/systemlayer/pgfsys.sty

(d:/Programs/LaTeX/TeXLive/2020/texmf-dist/tex/generic/pgf/systemlayer/pgfsys.c
ode.tex
Package: pgfsys 2020/11/23 v3.1.7 (3.1.7)

(d:/Programs/LaTeX/TeXLive/2020/texmf-dist/tex/generic/pgf/utilities/pgfkeys.co
de.tex
\pgfkeys@pathtoks=\toks27
\pgfkeys@temptoks=\toks28

(d:/Programs/LaTeX/TeXLive/2020/texmf-dist/tex/generic/pgf/utilities/pgfkeysfil
tered.code.tex
\pgfkeys@tmptoks=\toks29
))
\pgf@x=\dimen168
\pgf@y=\dimen169
\pgf@xa=\dimen170
\pgf@ya=\dimen171
\pgf@xb=\dimen172
\pgf@yb=\dimen173
\pgf@xc=\dimen174
\pgf@yc=\dimen175
\pgf@xd=\dimen176
\pgf@yd=\dimen177
\w@pgf@writea=\write3
\r@pgf@reada=\read3
\c@pgf@counta=\count276
\c@pgf@countb=\count277
\c@pgf@countc=\count278
\c@pgf@countd=\count279
\t@pgf@toka=\toks30
\t@pgf@tokb=\toks31
\t@pgf@tokc=\toks32
\pgf@sys@id@count=\count280

(d:/Programs/LaTeX/TeXLive/2020/texmf-dist/tex/generic/pgf/systemlayer/pgf.cfg
File: pgf.cfg 2020/11/23 v3.1.7 (3.1.7)
)
Driver file for pgf: pgfsys-pdftex.def

(d:/Programs/LaTeX/TeXLive/2020/texmf-dist/tex/generic/pgf/systemlayer/pgfsys-p
dftex.def
File: pgfsys-pdftex.def 2020/11/23 v3.1.7 (3.1.7)

(d:/Programs/LaTeX/TeXLive/2020/texmf-dist/tex/generic/pgf/systemlayer/pgfsys-c
ommon-pdf.def
File: pgfsys-common-pdf.def 2020/11/23 v3.1.7 (3.1.7)
)))
(d:/Programs/LaTeX/TeXLive/2020/texmf-dist/tex/generic/pgf/systemlayer/pgfsysso
ftpath.code.tex
File: pgfsyssoftpath.code.tex 2020/11/23 v3.1.7 (3.1.7)
\pgfsyssoftpath@smallbuffer@items=\count281
\pgfsyssoftpath@bigbuffer@items=\count282
)
(d:/Programs/LaTeX/TeXLive/2020/texmf-dist/tex/generic/pgf/systemlayer/pgfsyspr
otocol.code.tex
File: pgfsysprotocol.code.tex 2020/11/23 v3.1.7 (3.1.7)
))
(d:/Programs/LaTeX/TeXLive/2020/texmf-dist/tex/latex/xcolor/xcolor.sty
Package: xcolor 2016/05/11 v2.12 LaTeX color extensions (UK)

(d:/Programs/LaTeX/TeXLive/2020/texmf-dist/tex/latex/graphics-cfg/color.cfg
File: color.cfg 2016/01/02 v1.6 sample color configuration
)
Package xcolor Info: Driver file: pdftex.def on input line 225.
Package xcolor Info: Model `cmy' substituted by `cmy0' on input line 1348.
Package xcolor Info: Model `hsb' substituted by `rgb' on input line 1352.
Package xcolor Info: Model `RGB' extended on input line 1364.
Package xcolor Info: Model `HTML' substituted by `rgb' on input line 1366.
Package xcolor Info: Model `Hsb' substituted by `hsb' on input line 1367.
Package xcolor Info: Model `tHsb' substituted by `hsb' on input line 1368.
Package xcolor Info: Model `HSB' substituted by `hsb' on input line 1369.
Package xcolor Info: Model `Gray' substituted by `gray' on input line 1370.
Package xcolor Info: Model `wave' substituted by `hsb' on input line 1371.
)
(d:/Programs/LaTeX/TeXLive/2020/texmf-dist/tex/generic/pgf/basiclayer/pgfcore.c
ode.tex
Package: pgfcore 2020/11/23 v3.1.7 (3.1.7)

(d:/Programs/LaTeX/TeXLive/2020/texmf-dist/tex/generic/pgf/math/pgfmath.code.te
x
(d:/Programs/LaTeX/TeXLive/2020/texmf-dist/tex/generic/pgf/math/pgfmathcalc.cod
e.tex
(d:/Programs/LaTeX/TeXLive/2020/texmf-dist/tex/generic/pgf/math/pgfmathutil.cod
e.tex)
(d:/Programs/LaTeX/TeXLive/2020/texmf-dist/tex/generic/pgf/math/pgfmathparser.c
ode.tex
\pgfmath@dimen=\dimen178
\pgfmath@count=\count283
\pgfmath@box=\box51
\pgfmath@toks=\toks33
\pgfmath@stack@operand=\toks34
\pgfmath@stack@operation=\toks35
)
(d:/Programs/LaTeX/TeXLive/2020/texmf-dist/tex/generic/pgf/math/pgfmathfunction
s.code.tex
(d:/Programs/LaTeX/TeXLive/2020/texmf-dist/tex/generic/pgf/math/pgfmathfunction
s.basic.code.tex)
(d:/Programs/LaTeX/TeXLive/2020/texmf-dist/tex/generic/pgf/math/pgfmathfunction
s.trigonometric.code.tex)
(d:/Programs/LaTeX/TeXLive/2020/texmf-dist/tex/generic/pgf/math/pgfmathfunction
s.random.code.tex)
(d:/Programs/LaTeX/TeXLive/2020/texmf-dist/tex/generic/pgf/math/pgfmathfunction
s.comparison.code.tex)
(d:/Programs/LaTeX/TeXLive/2020/texmf-dist/tex/generic/pgf/math/pgfmathfunction
s.base.code.tex)
(d:/Programs/LaTeX/TeXLive/2020/texmf-dist/tex/generic/pgf/math/pgfmathfunction
s.round.code.tex)
(d:/Programs/LaTeX/TeXLive/2020/texmf-dist/tex/generic/pgf/math/pgfmathfunction
s.misc.code.tex)
(d:/Programs/LaTeX/TeXLive/2020/texmf-dist/tex/generic/pgf/math/pgfmathfunction
s.integerarithmetics.code.tex)))
(d:/Programs/LaTeX/TeXLive/2020/texmf-dist/tex/generic/pgf/math/pgfmathfloat.co
de.tex
\c@pgfmathroundto@lastzeros=\count284
))
(d:/Programs/LaTeX/TeXLive/2020/texmf-dist/tex/generic/pgf/math/pgfint.code.tex
)
(d:/Programs/LaTeX/TeXLive/2020/texmf-dist/tex/generic/pgf/basiclayer/pgfcorepo
ints.code.tex
File: pgfcorepoints.code.tex 2020/11/23 v3.1.7 (3.1.7)
\pgf@picminx=\dimen179
\pgf@picmaxx=\dimen180
\pgf@picminy=\dimen181
\pgf@picmaxy=\dimen182
\pgf@pathminx=\dimen183
\pgf@pathmaxx=\dimen184
\pgf@pathminy=\dimen185
\pgf@pathmaxy=\dimen186
\pgf@xx=\dimen187
\pgf@xy=\dimen188
\pgf@yx=\dimen189
\pgf@yy=\dimen190
\pgf@zx=\dimen191
\pgf@zy=\dimen192
)
(d:/Programs/LaTeX/TeXLive/2020/texmf-dist/tex/generic/pgf/basiclayer/pgfcorepa
thconstruct.code.tex
File: pgfcorepathconstruct.code.tex 2020/11/23 v3.1.7 (3.1.7)
\pgf@path@lastx=\dimen193
\pgf@path@lasty=\dimen194
)
(d:/Programs/LaTeX/TeXLive/2020/texmf-dist/tex/generic/pgf/basiclayer/pgfcorepa
thusage.code.tex
File: pgfcorepathusage.code.tex 2020/11/23 v3.1.7 (3.1.7)
\pgf@shorten@end@additional=\dimen195
\pgf@shorten@start@additional=\dimen196
)
(d:/Programs/LaTeX/TeXLive/2020/texmf-dist/tex/generic/pgf/basiclayer/pgfcoresc
opes.code.tex
File: pgfcorescopes.code.tex 2020/11/23 v3.1.7 (3.1.7)
\pgfpic=\box52
\pgf@hbox=\box53
\pgf@layerbox@main=\box54
\pgf@picture@serial@count=\count285
)
(d:/Programs/LaTeX/TeXLive/2020/texmf-dist/tex/generic/pgf/basiclayer/pgfcoregr
aphicstate.code.tex
File: pgfcoregraphicstate.code.tex 2020/11/23 v3.1.7 (3.1.7)
\pgflinewidth=\dimen197
)
(d:/Programs/LaTeX/TeXLive/2020/texmf-dist/tex/generic/pgf/basiclayer/pgfcoretr
ansformations.code.tex
File: pgfcoretransformations.code.tex 2020/11/23 v3.1.7 (3.1.7)
\pgf@pt@x=\dimen198
\pgf@pt@y=\dimen199
\pgf@pt@temp=\dimen256
)
(d:/Programs/LaTeX/TeXLive/2020/texmf-dist/tex/generic/pgf/basiclayer/pgfcorequ
ick.code.tex
File: pgfcorequick.code.tex 2020/11/23 v3.1.7 (3.1.7)
)
(d:/Programs/LaTeX/TeXLive/2020/texmf-dist/tex/generic/pgf/basiclayer/pgfcoreob
jects.code.tex
File: pgfcoreobjects.code.tex 2020/11/23 v3.1.7 (3.1.7)
)
(d:/Programs/LaTeX/TeXLive/2020/texmf-dist/tex/generic/pgf/basiclayer/pgfcorepa
thprocessing.code.tex
File: pgfcorepathprocessing.code.tex 2020/11/23 v3.1.7 (3.1.7)
)
(d:/Programs/LaTeX/TeXLive/2020/texmf-dist/tex/generic/pgf/basiclayer/pgfcorear
rows.code.tex
File: pgfcorearrows.code.tex 2020/11/23 v3.1.7 (3.1.7)
\pgfarrowsep=\dimen257
)
(d:/Programs/LaTeX/TeXLive/2020/texmf-dist/tex/generic/pgf/basiclayer/pgfcoresh
ade.code.tex
File: pgfcoreshade.code.tex 2020/11/23 v3.1.7 (3.1.7)
\pgf@max=\dimen258
\pgf@sys@shading@range@num=\count286
\pgf@shadingcount=\count287
)
(d:/Programs/LaTeX/TeXLive/2020/texmf-dist/tex/generic/pgf/basiclayer/pgfcoreim
age.code.tex
File: pgfcoreimage.code.tex 2020/11/23 v3.1.7 (3.1.7)

(d:/Programs/LaTeX/TeXLive/2020/texmf-dist/tex/generic/pgf/basiclayer/pgfcoreex
ternal.code.tex
File: pgfcoreexternal.code.tex 2020/11/23 v3.1.7 (3.1.7)
\pgfexternal@startupbox=\box55
))
(d:/Programs/LaTeX/TeXLive/2020/texmf-dist/tex/generic/pgf/basiclayer/pgfcorela
yers.code.tex
File: pgfcorelayers.code.tex 2020/11/23 v3.1.7 (3.1.7)
)
(d:/Programs/LaTeX/TeXLive/2020/texmf-dist/tex/generic/pgf/basiclayer/pgfcoretr
ansparency.code.tex
File: pgfcoretransparency.code.tex 2020/11/23 v3.1.7 (3.1.7)
)
(d:/Programs/LaTeX/TeXLive/2020/texmf-dist/tex/generic/pgf/basiclayer/pgfcorepa
tterns.code.tex
File: pgfcorepatterns.code.tex 2020/11/23 v3.1.7 (3.1.7)
)
(d:/Programs/LaTeX/TeXLive/2020/texmf-dist/tex/generic/pgf/basiclayer/pgfcorerd
f.code.tex
File: pgfcorerdf.code.tex 2020/11/23 v3.1.7 (3.1.7)
)))
(d:/Programs/LaTeX/TeXLive/2020/texmf-dist/tex/generic/pgf/modules/pgfmodulesha
pes.code.tex
File: pgfmoduleshapes.code.tex 2020/11/23 v3.1.7 (3.1.7)
\pgfnodeparttextbox=\box56
)
(d:/Programs/LaTeX/TeXLive/2020/texmf-dist/tex/generic/pgf/modules/pgfmoduleplo
t.code.tex
File: pgfmoduleplot.code.tex 2020/11/23 v3.1.7 (3.1.7)
)
(d:/Programs/LaTeX/TeXLive/2020/texmf-dist/tex/latex/pgf/compatibility/pgfcomp-
version-0-65.sty
Package: pgfcomp-version-0-65 2020/11/23 v3.1.7 (3.1.7)
\pgf@nodesepstart=\dimen259
\pgf@nodesepend=\dimen260
)
(d:/Programs/LaTeX/TeXLive/2020/texmf-dist/tex/latex/pgf/compatibility/pgfcomp-
version-1-18.sty
Package: pgfcomp-version-1-18 2020/11/23 v3.1.7 (3.1.7)
))
(d:/Programs/LaTeX/TeXLive/2020/texmf-dist/tex/latex/tools/verbatim.sty
Package: verbatim 2020-07-07 v1.5u LaTeX2e package for verbatim enhancements
\every@verbatim=\toks36
\verbatim@line=\toks37
\verbatim@in@stream=\read4
)
(d:/Programs/LaTeX/TeXLive/2020/texmf-dist/tex/latex/environ/environ.sty
Package: environ 2014/05/04 v0.3 A new way to define environments

(d:/Programs/LaTeX/TeXLive/2020/texmf-dist/tex/latex/trimspaces/trimspaces.sty
Package: trimspaces 2009/09/17 v1.1 Trim spaces around a token list
)) (d:/Programs/LaTeX/TeXLive/2020/texmf-dist/tex/latex/etoolbox/etoolbox.sty
Package: etoolbox 2020/10/05 v2.5k e-TeX tools for LaTeX (JAW)
\etb@tempcnta=\count288
)
\tcb@titlebox=\box57
\tcb@upperbox=\box58
\tcb@lowerbox=\box59
\tcb@phantombox=\box60
\c@tcbbreakpart=\count289
\c@tcblayer=\count290
\c@tcolorbox@number=\count291
\tcb@temp=\box61
\tcb@temp=\box62
\tcb@temp=\box63
\tcb@temp=\box64
\tcb@out=\write4
\tcb@record@out=\write5

(d:/Programs/LaTeX/TeXLive/2020/texmf-dist/tex/latex/tcolorbox/tcbraster.code.t
ex
Library (tcolorbox): 'tcbraster.code.tex' version '4.42'
\c@tcbrastercolumn=\count292
\c@tcbrasterrow=\count293
\c@tcbraster=\count294
)
(d:/Programs/LaTeX/TeXLive/2020/texmf-dist/tex/latex/tcolorbox/tcbskins.code.te
x
Library (tcolorbox): 'tcbskins.code.tex' version '4.42'

(d:/Programs/LaTeX/TeXLive/2020/texmf-dist/tex/latex/pgf/frontendlayer/tikz.sty
(d:/Programs/LaTeX/TeXLive/2020/texmf-dist/tex/latex/pgf/utilities/pgffor.sty
(d:/Programs/LaTeX/TeXLive/2020/texmf-dist/tex/latex/pgf/utilities/pgfkeys.sty
(d:/Programs/LaTeX/TeXLive/2020/texmf-dist/tex/generic/pgf/utilities/pgfkeys.co
de.tex))
(d:/Programs/LaTeX/TeXLive/2020/texmf-dist/tex/latex/pgf/math/pgfmath.sty
(d:/Programs/LaTeX/TeXLive/2020/texmf-dist/tex/generic/pgf/math/pgfmath.code.te
x))
(d:/Programs/LaTeX/TeXLive/2020/texmf-dist/tex/generic/pgf/utilities/pgffor.cod
e.tex
Package: pgffor 2020/11/23 v3.1.7 (3.1.7)

(d:/Programs/LaTeX/TeXLive/2020/texmf-dist/tex/generic/pgf/math/pgfmath.code.te
x)
\pgffor@iter=\dimen261
\pgffor@skip=\dimen262
\pgffor@stack=\toks38
\pgffor@toks=\toks39
))
(d:/Programs/LaTeX/TeXLive/2020/texmf-dist/tex/generic/pgf/frontendlayer/tikz/t
ikz.code.tex
Package: tikz 2020/11/23 v3.1.7 (3.1.7)

(d:/Programs/LaTeX/TeXLive/2020/texmf-dist/tex/generic/pgf/libraries/pgflibrary
plothandlers.code.tex
File: pgflibraryplothandlers.code.tex 2020/11/23 v3.1.7 (3.1.7)
\pgf@plot@mark@count=\count295
\pgfplotmarksize=\dimen263
)
\tikz@lastx=\dimen264
\tikz@lasty=\dimen265
\tikz@lastxsaved=\dimen266
\tikz@lastysaved=\dimen267
\tikz@lastmovetox=\dimen268
\tikz@lastmovetoy=\dimen269
\tikzleveldistance=\dimen270
\tikzsiblingdistance=\dimen271
\tikz@figbox=\box65
\tikz@figbox@bg=\box66
\tikz@tempbox=\box67
\tikz@tempbox@bg=\box68
\tikztreelevel=\count296
\tikznumberofchildren=\count297
\tikznumberofcurrentchild=\count298
\tikz@fig@count=\count299

(d:/Programs/LaTeX/TeXLive/2020/texmf-dist/tex/generic/pgf/modules/pgfmodulemat
rix.code.tex
File: pgfmodulematrix.code.tex 2020/11/23 v3.1.7 (3.1.7)
\pgfmatrixcurrentrow=\count300
\pgfmatrixcurrentcolumn=\count301
\pgf@matrix@numberofcolumns=\count302
)
\tikz@expandcount=\count303

(d:/Programs/LaTeX/TeXLive/2020/texmf-dist/tex/generic/pgf/frontendlayer/tikz/l
ibraries/tikzlibrarytopaths.code.tex
File: tikzlibrarytopaths.code.tex 2020/11/23 v3.1.7 (3.1.7)
)))
\tcb@waterbox=\box69

(d:/Programs/LaTeX/TeXLive/2020/texmf-dist/tex/latex/tcolorbox/tcbskinsjigsaw.c
ode.tex
Library (tcolorbox): 'tcbskinsjigsaw.code.tex' version '4.42'
))
(d:/Programs/LaTeX/TeXLive/2020/texmf-dist/tex/latex/tcolorbox/tcbbreakable.cod
e.tex
Library (tcolorbox): 'tcbbreakable.code.tex' version '4.42'
(d:/Programs/LaTeX/TeXLive/2020/texmf-dist/tex/generic/oberdiek/pdfcol.sty
Package: pdfcol 2019/12/29 v1.6 Handle new color stacks for pdfTeX (HO)

(d:/Programs/LaTeX/TeXLive/2020/texmf-dist/tex/generic/ltxcmds/ltxcmds.sty
Package: ltxcmds 2020-05-10 v1.25 LaTeX kernel commands for general use (HO)
)
(d:/Programs/LaTeX/TeXLive/2020/texmf-dist/tex/generic/infwarerr/infwarerr.sty
Package: infwarerr 2019/12/03 v1.5 Providing info/warning/error messages (HO)
))
Package pdfcol Info: New color stack `tcb@breakable' = 1 on input line 23.
\tcb@testbox=\box70
\tcb@totalupperbox=\box71
\tcb@totallowerbox=\box72
)
(d:/Programs/LaTeX/TeXLive/2020/texmf-dist/tex/latex/tcolorbox/tcbhooks.code.te
x
Library (tcolorbox): 'tcbhooks.code.tex' version '4.42'
)
(d:/Programs/LaTeX/TeXLive/2020/texmf-dist/tex/latex/tcolorbox/tcbtheorems.code
.tex
Library (tcolorbox): 'tcbtheorems.code.tex' version '4.42'
)
(d:/Programs/LaTeX/TeXLive/2020/texmf-dist/tex/latex/tcolorbox/tcbfitting.code.
tex
Library (tcolorbox): 'tcbfitting.code.tex' version '4.42'
\tcbfitdim=\dimen272
\tcb@lowerfitdim=\dimen273
\tcb@upperfitdim=\dimen274
\tcb@cur@hbadness=\count304
)
(d:/Programs/LaTeX/TeXLive/2020/texmf-dist/tex/latex/tcolorbox/tcbxparse.code.t
ex
Library (tcolorbox): 'tcbxparse.code.tex' version '4.42'
)) (d:/Programs/LaTeX/TeXLive/2020/texmf-dist/tex/latex/readarray/readarray.sty
Package: readarray 2016/11/07\ 2.0\ Routines for inputting 2D and 3D array data
 and recalling it on an element-by-element basis.
(d:/Programs/LaTeX/TeXLive/2020/texmf-dist/tex/latex/base/ifthen.sty
Package: ifthen 2014/09/29 v1.1c Standard LaTeX ifthen package (DPC)
)
(d:/Programs/LaTeX/TeXLive/2020/texmf-dist/tex/generic/listofitems/listofitems.
sty
(d:/Programs/LaTeX/TeXLive/2020/texmf-dist/tex/generic/listofitems/listofitems.
tex
\loi_cnt_foreach_nest=\count305
\loi_nestcnt=\count306
)
Package: listofitems 2019/08/21 v1.63 Grab items in lists using user-specified 
sep char (CT)
)
\c@@index=\count307
\c@@plane=\count308
\c@@row=\count309
\c@@col=\count310
\c@use@args=\count311
\c@@record=\count312
\c@arg@index=\count313
\c@break@count=\count314
\c@index@count=\count315
\c@loop@count=\count316
\Arg@toks=\toks40
\@arrayident@toks=\toks41
\rdar@file=\read5

readarray: bounds checking OFF
)
\c@bilets=\count317
\c@rand=\count318
 (./bileti.aux
LaTeX Font Info:    Trying to load font information for T2A+cmr on input line 5
.

(d:/Programs/LaTeX/TeXLive/2020/texmf-dist/tex/latex/cyrillic/t2acmr.fd
File: t2acmr.fd 2001/08/11 v1.0a Computer Modern Cyrillic font definitions
)<<t2a.cmap>>)
\openout1 = `bileti.aux'.

LaTeX Font Info:    Checking defaults for OML/cmm/m/it on input line 145.
LaTeX Font Info:    ... okay on input line 145.
LaTeX Font Info:    Checking defaults for OMS/cmsy/m/n on input line 145.
LaTeX Font Info:    ... okay on input line 145.
LaTeX Font Info:    Checking defaults for OT1/cmr/m/n on input line 145.
LaTeX Font Info:    ... okay on input line 145.
LaTeX Font Info:    Checking defaults for T1/cmr/m/n on input line 145.
LaTeX Font Info:    ... okay on input line 145.
LaTeX Font Info:    Checking defaults for TS1/cmr/m/n on input line 145.
LaTeX Font Info:    ... okay on input line 145.
LaTeX Font Info:    Checking defaults for OMX/cmex/m/n on input line 145.
LaTeX Font Info:    ... okay on input line 145.
LaTeX Font Info:    Checking defaults for U/cmr/m/n on input line 145.
LaTeX Font Info:    ... okay on input line 145.
LaTeX Font Info:    Checking defaults for T2A/cmr/m/n on input line 145.
LaTeX Font Info:    ... okay on input line 145.
LaTeX Info: Redefining \th on input line 145.

*geometry* driver: auto-detecting
*geometry* detected driver: pdftex
*geometry* verbose mode - [ preamble ] result:
* driver: pdftex
* paper: a4paper
* layout: <same size as paper>
* layoutoffset:(h,v)=(0.0pt,0.0pt)
* modes: 
* h-part:(L,W,R)=(28.45274pt, 540.60239pt, 28.45274pt)
* v-part:(T,H,B)=(28.45274pt, 788.14136pt, 28.45274pt)
* \paperwidth=597.50787pt
* \paperheight=845.04684pt
* \textwidth=540.60239pt
* \textheight=788.14136pt
* \oddsidemargin=-43.81725pt
* \evensidemargin=-43.81725pt
* \topmargin=-82.81725pt
* \headheight=14.0pt
* \headsep=25.0pt
* \topskip=14.0pt
* \footskip=30.0pt
* \marginparwidth=24.0pt
* \marginparsep=10.0pt
* \columnsep=10.0pt
* \skip\footins=12.0pt plus 4.0pt minus 2.0pt
* \hoffset=0.0pt
* \voffset=0.0pt
* \mag=1000
* \@twocolumnfalse
* \@twosidefalse
* \@mparswitchfalse
* \@reversemarginfalse
* (1in=72.27pt=25.4mm, 1cm=28.453pt)


Package chemgreek Info: Activating mapping `default' on line 145.

(d:/Programs/LaTeX/TeXLive/2020/texmf-dist/tex/context/base/mkii/supp-pdf.mkii
[Loading MPS to PDF converter (version 2006.09.02).]
\scratchcounter=\count319
\scratchdimen=\dimen275
\scratchbox=\box73
\nofMPsegments=\count320
\nofMParguments=\count321
\everyMPshowfont=\toks42
\MPscratchCnt=\count322
\MPscratchDim=\dimen276
\MPnumerator=\count323
\makeMPintoPDFobject=\count324
\everyMPtoPDFconversion=\toks43
)
(d:/Programs/LaTeX/TeXLive/2020/texmf-dist/tex/latex/epstopdf-pkg/epstopdf-base
.sty
Package: epstopdf-base 2020-01-24 v2.11 Base part for package epstopdf
Package epstopdf-base Info: Redefining graphics rule for `.eps' on input line 4
85.

(d:/Programs/LaTeX/TeXLive/2020/texmf-dist/tex/latex/latexconfig/epstopdf-sys.c
fg
File: epstopdf-sys.cfg 2010/07/13 v1.3 Configuration of (r)epstopdf for TeX Liv
e
))
\c@i=\count325
<<ot1.cmap>><<oml.cmap>><<oms.cmap>><<omx.cmap>>
LaTeX Font Info:    Trying to load font information for U+msa on input line 152
.

(d:/Programs/LaTeX/TeXLive/2020/texmf-dist/tex/latex/amsfonts/umsa.fd
File: umsa.fd 2013/01/14 v3.01 AMS symbols A
)
LaTeX Font Info:    Trying to load font information for U+msb on input line 152
.

(d:/Programs/LaTeX/TeXLive/2020/texmf-dist/tex/latex/amsfonts/umsb.fd
File: umsb.fd 2013/01/14 v3.01 AMS symbols B
)
Underfull \hbox (badness 10000) in paragraph at lines 152--152

 []

LaTeX Font Info:    Trying to load font information for T2A+cmtt on input line 
152.
(d:/Programs/LaTeX/TeXLive/2020/texmf-dist/tex/latex/cyrillic/t2acmtt.fd
File: t2acmtt.fd 2001/08/11 v1.0a Computer Modern Cyrillic font definitions
)
Underfull \hbox (badness 10000) in paragraph at lines 152--152

 []


Underfull \hbox (badness 10000) in paragraph at lines 152--152

 []

[1

{d:/Programs/LaTeX/TeXLive/2020/texmf-var/fonts/map/pdftex/updmap/pdftex.map}]
Underfull \hbox (badness 10000) in paragraph at lines 152--152

 []


Underfull \hbox (badness 10000) in paragraph at lines 152--152

 []

[2]
Underfull \hbox (badness 10000) in paragraph at lines 152--152

 []


Underfull \hbox (badness 10000) in paragraph at lines 152--152

 []

[3]
Underfull \hbox (badness 10000) in paragraph at lines 152--152

 []


Underfull \hbox (badness 10000) in paragraph at lines 152--152

 []

[4]
Underfull \hbox (badness 10000) in paragraph at lines 152--152

 []


Underfull \hbox (badness 10000) in paragraph at lines 152--152

 []

[5]
Underfull \hbox (badness 10000) in paragraph at lines 152--152

 []


Underfull \hbox (badness 10000) in paragraph at lines 152--152

 []

[6]
Underfull \hbox (badness 10000) in paragraph at lines 152--152

 []


Underfull \hbox (badness 10000) in paragraph at lines 152--152

 []

[7]
Underfull \hbox (badness 10000) in paragraph at lines 152--152

 []


Underfull \hbox (badness 10000) in paragraph at lines 152--152

 []

[8]
Underfull \hbox (badness 10000) in paragraph at lines 152--152

 []


Underfull \hbox (badness 10000) in paragraph at lines 152--152

 []

[9]
Underfull \hbox (badness 10000) in paragraph at lines 152--152

 []

[10] (./bileti.aux) ) 
Here is how much of TeX's memory you used:
 20669 strings out of 479629
 427884 string characters out of 5874656
 798532 words of memory out of 5000000
 37237 multiletter control sequences out of 15000+600000
 547360 words of font info for 56 fonts, out of 8000000 for 9000
 1103 hyphenation exceptions out of 8191
 90i,14n,99p,439b,900s stack positions out of 5000i,500n,10000p,200000b,80000s
{d:/Programs/LaTeX/TeXLive/2020/texmf-dist/fonts/enc/dvips
/cm-super/cm-super-t2a.enc}<d:/Programs/LaTeX/TeXLive/2020/texmf-dist/fonts/typ
e1/public/amsfonts/cm/cmmi12.pfb><d:/Programs/LaTeX/TeXLive/2020/texmf-dist/fon
ts/type1/public/cm-super/sfbx1000.pfb><d:/Programs/LaTeX/TeXLive/2020/texmf-dis
t/fonts/type1/public/cm-super/sfbx1728.pfb><d:/Programs/LaTeX/TeXLive/2020/texm
f-dist/fonts/type1/public/cm-super/sfrm0800.pfb><d:/Programs/LaTeX/TeXLive/2020
/texmf-dist/fonts/type1/public/cm-super/sfrm1000.pfb><d:/Programs/LaTeX/TeXLive
/2020/texmf-dist/fonts/type1/public/cm-super/sfrm1440.pfb><d:/Programs/LaTeX/Te
XLive/2020/texmf-dist/fonts/type1/public/cm-super/sftt1200.pfb>
Output written on bileti.pdf (10 pages, 158294 bytes).
PDF statistics:
 74 PDF objects out of 1000 (max. 8388607)
 49 compressed objects within 1 object stream
 0 named destinations out of 1000 (max. 500000)
 33 words of extra memory for PDF output out of 10000 (max. 10000000)

